<?xml version="1.0" encoding="UTF-8" standalone="yes"?>
<ns2:test-suite start="1555576332810" stop="1555576371237" version="1.5.2" xmlns:ns2="urn:model.allure.qatools.yandex.ru">
    <name>All Test Suite : 信用总管</name>
    <title>All Test Suite : 信用总管</title>
    <test-cases>
        <test-case start="1555576341810" stop="1555576343954" status="passed">
            <name>accountBalance</name>
            <title>验证账户余额</title>
            <steps/>
            <attachments/>
            <labels>
                <label name="testSuite" value="All Test Suite"/>
                <label name="testGroup" value="信用总管"/>
                <label name="testClass" value="CreditExplorer.CreditExplorerHomeTestCase"/>
                <label name="testMethod" value="accountBalance"/>
                <label name="story" value="首页"/>
                <label name="feature" value="信用总管"/>
                <label name="host" value="DESKTOP-NDF1E9V"/>
                <label name="thread" value="3644@DESKTOP-NDF1E9V.main(1)"/>
            </labels>
        </test-case>
        <test-case start="1555576343955" stop="1555576349275" status="passed">
            <name>serviceIncomeToday</name>
            <title>验证服务费收入</title>
            <steps/>
            <attachments/>
            <labels>
                <label name="testSuite" value="All Test Suite"/>
                <label name="testGroup" value="信用总管"/>
                <label name="testClass" value="CreditExplorer.CreditExplorerHomeTestCase"/>
                <label name="testMethod" value="serviceIncomeToday"/>
                <label name="story" value="首页"/>
                <label name="feature" value="信用总管"/>
                <label name="host" value="DESKTOP-NDF1E9V"/>
                <label name="thread" value="3644@DESKTOP-NDF1E9V.main(1)"/>
            </labels>
        </test-case>
        <test-case start="1555576349277" stop="1555576354617" status="passed">
            <name>agentArrearsTotal</name>
            <title>验证商务欠款总计</title>
            <steps/>
            <attachments/>
            <labels>
                <label name="testSuite" value="All Test Suite"/>
                <label name="testGroup" value="信用总管"/>
                <label name="testClass" value="CreditExplorer.CreditExplorerHomeTestCase"/>
                <label name="testMethod" value="agentArrearsTotal"/>
                <label name="story" value="首页"/>
                <label name="feature" value="信用总管"/>
                <label name="host" value="DESKTOP-NDF1E9V"/>
                <label name="thread" value="3644@DESKTOP-NDF1E9V.main(1)"/>
            </labels>
        </test-case>
        <test-case start="1555576354619" stop="1555576360026" status="failed">
            <name>agentNumber</name>
            <title>验证自运营代理人数</title>
            <failure>
                <message>AssertionError: expected [true] but found [false]</message>
                <stack-trace>java.lang.AssertionError: expected [true] but found [false]
	at org.testng.Assert.fail(Assert.java:94)
	at org.testng.Assert.failNotEquals(Assert.java:496)
	at org.testng.Assert.assertTrue(Assert.java:42)
	at org.testng.Assert.assertTrue(Assert.java:52)
	at CreditExplorer.CreditExplorerHomeTestCase.agentNumber(CreditExplorerHomeTestCase.java:157)
	at sun.reflect.NativeMethodAccessorImpl.invoke0(Native Method)
	at sun.reflect.NativeMethodAccessorImpl.invoke(NativeMethodAccessorImpl.java:62)
	at sun.reflect.DelegatingMethodAccessorImpl.invoke(DelegatingMethodAccessorImpl.java:43)
	at java.lang.reflect.Method.invoke(Method.java:498)
	at org.testng.internal.MethodInvocationHelper.invokeMethod(MethodInvocationHelper.java:85)
	at org.testng.internal.Invoker.invokeMethod(Invoker.java:639)
	at org.testng.internal.Invoker.invokeTestMethod(Invoker.java:816)
	at org.testng.internal.Invoker.invokeTestMethods(Invoker.java:1124)
	at org.testng.internal.TestMethodWorker.invokeTestMethods(TestMethodWorker.java:125)
	at org.testng.internal.TestMethodWorker.run(TestMethodWorker.java:108)
	at org.testng.TestRunner.privateRun(TestRunner.java:774)
	at org.testng.TestRunner.run(TestRunner.java:624)
	at org.testng.SuiteRunner.runTest(SuiteRunner.java:359)
	at org.testng.SuiteRunner.runSequentially(SuiteRunner.java:354)
	at org.testng.SuiteRunner.privateRun(SuiteRunner.java:312)
	at org.testng.SuiteRunner.run(SuiteRunner.java:261)
	at org.testng.SuiteRunnerWorker.runSuite(SuiteRunnerWorker.java:52)
	at org.testng.SuiteRunnerWorker.run(SuiteRunnerWorker.java:86)
	at org.testng.TestNG.runSuitesSequentially(TestNG.java:1191)
	at org.testng.TestNG.runSuitesLocally(TestNG.java:1116)
	at org.testng.TestNG.run(TestNG.java:1024)
	at org.apache.maven.surefire.testng.TestNGExecutor.run(TestNGExecutor.java:283)
	at org.apache.maven.surefire.testng.TestNGXmlTestSuite.execute(TestNGXmlTestSuite.java:75)
	at org.apache.maven.surefire.testng.TestNGProvider.invoke(TestNGProvider.java:120)
	at org.apache.maven.surefire.booter.ForkedBooter.invokeProviderInSameClassLoader(ForkedBooter.java:386)
	at org.apache.maven.surefire.booter.ForkedBooter.runSuitesInProcess(ForkedBooter.java:323)
	at org.apache.maven.surefire.booter.ForkedBooter.main(ForkedBooter.java:143)
</stack-trace>
            </failure>
            <steps/>
            <attachments/>
            <labels>
                <label name="testSuite" value="All Test Suite"/>
                <label name="testGroup" value="信用总管"/>
                <label name="testClass" value="CreditExplorer.CreditExplorerHomeTestCase"/>
                <label name="testMethod" value="agentNumber"/>
                <label name="story" value="首页"/>
                <label name="feature" value="信用总管"/>
                <label name="host" value="DESKTOP-NDF1E9V"/>
                <label name="thread" value="3644@DESKTOP-NDF1E9V.main(1)"/>
            </labels>
        </test-case>
        <test-case start="1555576360027" stop="1555576368504" status="failed">
            <name>playerNumber</name>
            <title>验证玩家人数</title>
            <failure>
                <message>AssertionError: expected [true] but found [false]</message>
                <stack-trace>java.lang.AssertionError: expected [true] but found [false]
	at org.testng.Assert.fail(Assert.java:94)
	at org.testng.Assert.failNotEquals(Assert.java:496)
	at org.testng.Assert.assertTrue(Assert.java:42)
	at org.testng.Assert.assertTrue(Assert.java:52)
	at CreditExplorer.CreditExplorerHomeTestCase.playerNumber(CreditExplorerHomeTestCase.java:194)
	at sun.reflect.NativeMethodAccessorImpl.invoke0(Native Method)
	at sun.reflect.NativeMethodAccessorImpl.invoke(NativeMethodAccessorImpl.java:62)
	at sun.reflect.DelegatingMethodAccessorImpl.invoke(DelegatingMethodAccessorImpl.java:43)
	at java.lang.reflect.Method.invoke(Method.java:498)
	at org.testng.internal.MethodInvocationHelper.invokeMethod(MethodInvocationHelper.java:85)
	at org.testng.internal.Invoker.invokeMethod(Invoker.java:639)
	at org.testng.internal.Invoker.invokeTestMethod(Invoker.java:816)
	at org.testng.internal.Invoker.invokeTestMethods(Invoker.java:1124)
	at org.testng.internal.TestMethodWorker.invokeTestMethods(TestMethodWorker.java:125)
	at org.testng.internal.TestMethodWorker.run(TestMethodWorker.java:108)
	at org.testng.TestRunner.privateRun(TestRunner.java:774)
	at org.testng.TestRunner.run(TestRunner.java:624)
	at org.testng.SuiteRunner.runTest(SuiteRunner.java:359)
	at org.testng.SuiteRunner.runSequentially(SuiteRunner.java:354)
	at org.testng.SuiteRunner.privateRun(SuiteRunner.java:312)
	at org.testng.SuiteRunner.run(SuiteRunner.java:261)
	at org.testng.SuiteRunnerWorker.runSuite(SuiteRunnerWorker.java:52)
	at org.testng.SuiteRunnerWorker.run(SuiteRunnerWorker.java:86)
	at org.testng.TestNG.runSuitesSequentially(TestNG.java:1191)
	at org.testng.TestNG.runSuitesLocally(TestNG.java:1116)
	at org.testng.TestNG.run(TestNG.java:1024)
	at org.apache.maven.surefire.testng.TestNGExecutor.run(TestNGExecutor.java:283)
	at org.apache.maven.surefire.testng.TestNGXmlTestSuite.execute(TestNGXmlTestSuite.java:75)
	at org.apache.maven.surefire.testng.TestNGProvider.invoke(TestNGProvider.java:120)
	at org.apache.maven.surefire.booter.ForkedBooter.invokeProviderInSameClassLoader(ForkedBooter.java:386)
	at org.apache.maven.surefire.booter.ForkedBooter.runSuitesInProcess(ForkedBooter.java:323)
	at org.apache.maven.surefire.booter.ForkedBooter.main(ForkedBooter.java:143)
</stack-trace>
            </failure>
            <steps/>
            <attachments/>
            <labels>
                <label name="testSuite" value="All Test Suite"/>
                <label name="testGroup" value="信用总管"/>
                <label name="testClass" value="CreditExplorer.CreditExplorerHomeTestCase"/>
                <label name="testMethod" value="playerNumber"/>
                <label name="story" value="首页"/>
                <label name="feature" value="信用总管"/>
                <label name="host" value="DESKTOP-NDF1E9V"/>
                <label name="thread" value="3644@DESKTOP-NDF1E9V.main(1)"/>
            </labels>
        </test-case>
        <test-case start="1555576368505" stop="1555576371107" status="failed">
            <name>myServiceAccountChangeMoney</name>
            <title>验证变动金额是否等于变动前与变动后金额计算值</title>
            <failure>
                <message>AssertionError: expected [true] but found [false]</message>
                <stack-trace>java.lang.AssertionError: expected [true] but found [false]
	at org.testng.Assert.fail(Assert.java:94)
	at org.testng.Assert.failNotEquals(Assert.java:496)
	at org.testng.Assert.assertTrue(Assert.java:42)
	at org.testng.Assert.assertTrue(Assert.java:52)
	at CreditExplorer.MyServiceAccountChangeTestCase.myServiceAccountChangeMoney(MyServiceAccountChangeTestCase.java:84)
	at sun.reflect.NativeMethodAccessorImpl.invoke0(Native Method)
	at sun.reflect.NativeMethodAccessorImpl.invoke(NativeMethodAccessorImpl.java:62)
	at sun.reflect.DelegatingMethodAccessorImpl.invoke(DelegatingMethodAccessorImpl.java:43)
	at java.lang.reflect.Method.invoke(Method.java:498)
	at org.testng.internal.MethodInvocationHelper.invokeMethod(MethodInvocationHelper.java:85)
	at org.testng.internal.Invoker.invokeMethod(Invoker.java:639)
	at org.testng.internal.Invoker.invokeTestMethod(Invoker.java:816)
	at org.testng.internal.Invoker.invokeTestMethods(Invoker.java:1124)
	at org.testng.internal.TestMethodWorker.invokeTestMethods(TestMethodWorker.java:125)
	at org.testng.internal.TestMethodWorker.run(TestMethodWorker.java:108)
	at org.testng.TestRunner.privateRun(TestRunner.java:774)
	at org.testng.TestRunner.run(TestRunner.java:624)
	at org.testng.SuiteRunner.runTest(SuiteRunner.java:359)
	at org.testng.SuiteRunner.runSequentially(SuiteRunner.java:354)
	at org.testng.SuiteRunner.privateRun(SuiteRunner.java:312)
	at org.testng.SuiteRunner.run(SuiteRunner.java:261)
	at org.testng.SuiteRunnerWorker.runSuite(SuiteRunnerWorker.java:52)
	at org.testng.SuiteRunnerWorker.run(SuiteRunnerWorker.java:86)
	at org.testng.TestNG.runSuitesSequentially(TestNG.java:1191)
	at org.testng.TestNG.runSuitesLocally(TestNG.java:1116)
	at org.testng.TestNG.run(TestNG.java:1024)
	at org.apache.maven.surefire.testng.TestNGExecutor.run(TestNGExecutor.java:283)
	at org.apache.maven.surefire.testng.TestNGXmlTestSuite.execute(TestNGXmlTestSuite.java:75)
	at org.apache.maven.surefire.testng.TestNGProvider.invoke(TestNGProvider.java:120)
	at org.apache.maven.surefire.booter.ForkedBooter.invokeProviderInSameClassLoader(ForkedBooter.java:386)
	at org.apache.maven.surefire.booter.ForkedBooter.runSuitesInProcess(ForkedBooter.java:323)
	at org.apache.maven.surefire.booter.ForkedBooter.main(ForkedBooter.java:143)
</stack-trace>
            </failure>
            <steps/>
            <attachments/>
            <labels>
                <label name="testSuite" value="All Test Suite"/>
                <label name="testGroup" value="信用总管"/>
                <label name="testClass" value="CreditExplorer.MyServiceAccountChangeTestCase"/>
                <label name="testMethod" value="myServiceAccountChangeMoney"/>
                <label name="story" value="首页"/>
                <label name="feature" value="信用总管"/>
                <label name="host" value="DESKTOP-NDF1E9V"/>
                <label name="thread" value="3644@DESKTOP-NDF1E9V.main(1)"/>
            </labels>
        </test-case>
        <test-case start="1555576371108" stop="1555576371149" status="passed">
            <name>changeMoney</name>
            <title>验证昨日变动后金额是否等于今日变动前金额</title>
            <steps/>
            <attachments/>
            <labels>
                <label name="testSuite" value="All Test Suite"/>
                <label name="testGroup" value="信用总管"/>
                <label name="testClass" value="CreditExplorer.MyServiceAccountChangeTestCase"/>
                <label name="testMethod" value="changeMoney"/>
                <label name="story" value="我的服务费账户变动"/>
                <label name="feature" value="信用总管"/>
                <label name="host" value="DESKTOP-NDF1E9V"/>
                <label name="thread" value="3644@DESKTOP-NDF1E9V.main(1)"/>
            </labels>
        </test-case>
    </test-cases>
    <labels>
        <label name="framework" value="TestNG"/>
        <label name="language" value="JAVA"/>
    </labels>
</ns2:test-suite>
