<?xml version="1.0" encoding="UTF-8" standalone="yes"?>
<ns2:test-suite start="1550924271894" stop="1550924396029" version="1.5.2" xmlns:ns2="urn:model.allure.qatools.yandex.ru">
    <name>Default Suite : game</name>
    <title>Default Suite : game</title>
    <test-cases>
        <test-case start="1550924271913" stop="1550924271915" status="pending">
            <name>rechangeToday</name>
            <title>验证今日充值金额与现金充值提现记录-人工充值+在线充值是否一致</title>
            <failure>
                <message>Test not implemented yet</message>
                <stack-trace>There are no stack trace</stack-trace>
            </failure>
            <steps/>
            <attachments/>
            <labels>
                <label name="host" value="DESKTOP-NDF1E9V"/>
                <label name="thread" value="47540@DESKTOP-NDF1E9V.main(1)"/>
            </labels>
        </test-case>
        <test-case start="1550924272013" stop="1550924290309" status="passed">
            <name>serviceFeeIncome</name>
            <title>验证今日服务费收入与下级服务费金额是否一致</title>
            <steps/>
            <attachments/>
            <labels>
                <label name="testSuite" value="Default Suite"/>
                <label name="testGroup" value="game"/>
                <label name="testClass" value="InbetAdminTestCase.AdminHomeTest"/>
                <label name="testMethod" value="serviceFeeIncome"/>
                <label name="host" value="DESKTOP-NDF1E9V"/>
                <label name="thread" value="47540@DESKTOP-NDF1E9V.main(1)"/>
            </labels>
        </test-case>
        <test-case start="1550924290313" stop="1550924305987" status="passed">
            <name>sinceBusinessOperationsTotalArrears</name>
            <title>验证服务费收入总计与下级服务费统计的生成服务费总计金额是否一致</title>
            <steps/>
            <attachments/>
            <labels>
                <label name="testSuite" value="Default Suite"/>
                <label name="testGroup" value="game"/>
                <label name="testClass" value="InbetAdminTestCase.AdminHomeTest"/>
                <label name="testMethod" value="sinceBusinessOperationsTotalArrears"/>
                <label name="host" value="DESKTOP-NDF1E9V"/>
                <label name="thread" value="47540@DESKTOP-NDF1E9V.main(1)"/>
            </labels>
        </test-case>
        <test-case start="1550924305990" stop="1550924321330" status="failed">
            <name>busniessMoneyTotal</name>
            <title>验证商户欠款总计与下级服务费结算记录总欠款是否一致</title>
            <failure>
                <message>AssertionError: expected [true] but found [false]</message>
                <stack-trace>java.lang.AssertionError: expected [true] but found [false]
	at org.testng.Assert.fail(Assert.java:94)
	at org.testng.Assert.failNotEquals(Assert.java:496)
	at org.testng.Assert.assertTrue(Assert.java:42)
	at org.testng.Assert.assertTrue(Assert.java:52)
	at InbetAdminTestCase.AdminHomeTest.busniessMoneyTotal(AdminHomeTest.java:99)
	at sun.reflect.NativeMethodAccessorImpl.invoke0(Native Method)
	at sun.reflect.NativeMethodAccessorImpl.invoke(NativeMethodAccessorImpl.java:62)
	at sun.reflect.DelegatingMethodAccessorImpl.invoke(DelegatingMethodAccessorImpl.java:43)
	at java.lang.reflect.Method.invoke(Method.java:498)
	at org.testng.internal.MethodInvocationHelper.invokeMethod(MethodInvocationHelper.java:85)
	at org.testng.internal.Invoker.invokeMethod(Invoker.java:639)
	at org.testng.internal.Invoker.invokeTestMethod(Invoker.java:816)
	at org.testng.internal.Invoker.invokeTestMethods(Invoker.java:1124)
	at org.testng.internal.TestMethodWorker.invokeTestMethods(TestMethodWorker.java:125)
	at org.testng.internal.TestMethodWorker.run(TestMethodWorker.java:108)
	at org.testng.TestRunner.privateRun(TestRunner.java:774)
	at org.testng.TestRunner.run(TestRunner.java:624)
	at org.testng.SuiteRunner.runTest(SuiteRunner.java:359)
	at org.testng.SuiteRunner.runSequentially(SuiteRunner.java:354)
	at org.testng.SuiteRunner.privateRun(SuiteRunner.java:312)
	at org.testng.SuiteRunner.run(SuiteRunner.java:261)
	at org.testng.SuiteRunnerWorker.runSuite(SuiteRunnerWorker.java:52)
	at org.testng.SuiteRunnerWorker.run(SuiteRunnerWorker.java:86)
	at org.testng.TestNG.runSuitesSequentially(TestNG.java:1191)
	at org.testng.TestNG.runSuitesLocally(TestNG.java:1116)
	at org.testng.TestNG.run(TestNG.java:1024)
	at org.testng.IDEARemoteTestNG.run(IDEARemoteTestNG.java:72)
	at org.testng.RemoteTestNGStarter.main(RemoteTestNGStarter.java:123)
</stack-trace>
            </failure>
            <steps/>
            <attachments/>
            <labels>
                <label name="testSuite" value="Default Suite"/>
                <label name="testGroup" value="game"/>
                <label name="testClass" value="InbetAdminTestCase.AdminHomeTest"/>
                <label name="testMethod" value="busniessMoneyTotal"/>
                <label name="host" value="DESKTOP-NDF1E9V"/>
                <label name="thread" value="47540@DESKTOP-NDF1E9V.main(1)"/>
            </labels>
        </test-case>
        <test-case start="1550924321333" stop="1550924336628" status="failed">
            <name>playerNumber</name>
            <title>验证今日新增玩家与留存统计今日注册玩家数量是否一致</title>
            <failure>
                <message>AssertionError: expected [true] but found [false]</message>
                <stack-trace>java.lang.AssertionError: expected [true] but found [false]
	at org.testng.Assert.fail(Assert.java:94)
	at org.testng.Assert.failNotEquals(Assert.java:496)
	at org.testng.Assert.assertTrue(Assert.java:42)
	at org.testng.Assert.assertTrue(Assert.java:52)
	at InbetAdminTestCase.AdminHomeTest.playerNumber(AdminHomeTest.java:128)
	at sun.reflect.NativeMethodAccessorImpl.invoke0(Native Method)
	at sun.reflect.NativeMethodAccessorImpl.invoke(NativeMethodAccessorImpl.java:62)
	at sun.reflect.DelegatingMethodAccessorImpl.invoke(DelegatingMethodAccessorImpl.java:43)
	at java.lang.reflect.Method.invoke(Method.java:498)
	at org.testng.internal.MethodInvocationHelper.invokeMethod(MethodInvocationHelper.java:85)
	at org.testng.internal.Invoker.invokeMethod(Invoker.java:639)
	at org.testng.internal.Invoker.invokeTestMethod(Invoker.java:816)
	at org.testng.internal.Invoker.invokeTestMethods(Invoker.java:1124)
	at org.testng.internal.TestMethodWorker.invokeTestMethods(TestMethodWorker.java:125)
	at org.testng.internal.TestMethodWorker.run(TestMethodWorker.java:108)
	at org.testng.TestRunner.privateRun(TestRunner.java:774)
	at org.testng.TestRunner.run(TestRunner.java:624)
	at org.testng.SuiteRunner.runTest(SuiteRunner.java:359)
	at org.testng.SuiteRunner.runSequentially(SuiteRunner.java:354)
	at org.testng.SuiteRunner.privateRun(SuiteRunner.java:312)
	at org.testng.SuiteRunner.run(SuiteRunner.java:261)
	at org.testng.SuiteRunnerWorker.runSuite(SuiteRunnerWorker.java:52)
	at org.testng.SuiteRunnerWorker.run(SuiteRunnerWorker.java:86)
	at org.testng.TestNG.runSuitesSequentially(TestNG.java:1191)
	at org.testng.TestNG.runSuitesLocally(TestNG.java:1116)
	at org.testng.TestNG.run(TestNG.java:1024)
	at org.testng.IDEARemoteTestNG.run(IDEARemoteTestNG.java:72)
	at org.testng.RemoteTestNGStarter.main(RemoteTestNGStarter.java:123)
</stack-trace>
            </failure>
            <steps/>
            <attachments/>
            <labels>
                <label name="testSuite" value="Default Suite"/>
                <label name="testGroup" value="game"/>
                <label name="testClass" value="InbetAdminTestCase.AdminHomeTest"/>
                <label name="testMethod" value="playerNumber"/>
                <label name="host" value="DESKTOP-NDF1E9V"/>
                <label name="thread" value="47540@DESKTOP-NDF1E9V.main(1)"/>
            </labels>
        </test-case>
        <test-case start="1550924336631" stop="1550924352139" status="passed">
            <name>systermWinOrLose</name>
            <title>验证今日系统盈亏与玩家输赢金额是否一致</title>
            <steps/>
            <attachments/>
            <labels>
                <label name="testSuite" value="Default Suite"/>
                <label name="testGroup" value="game"/>
                <label name="testClass" value="InbetAdminTestCase.AdminHomeTest"/>
                <label name="testMethod" value="systermWinOrLose"/>
                <label name="host" value="DESKTOP-NDF1E9V"/>
                <label name="thread" value="47540@DESKTOP-NDF1E9V.main(1)"/>
            </labels>
        </test-case>
        <test-case start="1550924352142" stop="1550924368917" status="failed">
            <name>totalsystermWinOrLose</name>
            <title>验证系统盈亏总计与玩家输赢总计金额是否一致</title>
            <failure>
                <message>AssertionError: expected [true] but found [false]</message>
                <stack-trace>java.lang.AssertionError: expected [true] but found [false]
	at org.testng.Assert.fail(Assert.java:94)
	at org.testng.Assert.failNotEquals(Assert.java:496)
	at org.testng.Assert.assertTrue(Assert.java:42)
	at org.testng.Assert.assertTrue(Assert.java:52)
	at InbetAdminTestCase.AdminHomeTest.totalsystermWinOrLose(AdminHomeTest.java:188)
	at sun.reflect.NativeMethodAccessorImpl.invoke0(Native Method)
	at sun.reflect.NativeMethodAccessorImpl.invoke(NativeMethodAccessorImpl.java:62)
	at sun.reflect.DelegatingMethodAccessorImpl.invoke(DelegatingMethodAccessorImpl.java:43)
	at java.lang.reflect.Method.invoke(Method.java:498)
	at org.testng.internal.MethodInvocationHelper.invokeMethod(MethodInvocationHelper.java:85)
	at org.testng.internal.Invoker.invokeMethod(Invoker.java:639)
	at org.testng.internal.Invoker.invokeTestMethod(Invoker.java:816)
	at org.testng.internal.Invoker.invokeTestMethods(Invoker.java:1124)
	at org.testng.internal.TestMethodWorker.invokeTestMethods(TestMethodWorker.java:125)
	at org.testng.internal.TestMethodWorker.run(TestMethodWorker.java:108)
	at org.testng.TestRunner.privateRun(TestRunner.java:774)
	at org.testng.TestRunner.run(TestRunner.java:624)
	at org.testng.SuiteRunner.runTest(SuiteRunner.java:359)
	at org.testng.SuiteRunner.runSequentially(SuiteRunner.java:354)
	at org.testng.SuiteRunner.privateRun(SuiteRunner.java:312)
	at org.testng.SuiteRunner.run(SuiteRunner.java:261)
	at org.testng.SuiteRunnerWorker.runSuite(SuiteRunnerWorker.java:52)
	at org.testng.SuiteRunnerWorker.run(SuiteRunnerWorker.java:86)
	at org.testng.TestNG.runSuitesSequentially(TestNG.java:1191)
	at org.testng.TestNG.runSuitesLocally(TestNG.java:1116)
	at org.testng.TestNG.run(TestNG.java:1024)
	at org.testng.IDEARemoteTestNG.run(IDEARemoteTestNG.java:72)
	at org.testng.RemoteTestNGStarter.main(RemoteTestNGStarter.java:123)
</stack-trace>
            </failure>
            <steps/>
            <attachments/>
            <labels>
                <label name="testSuite" value="Default Suite"/>
                <label name="testGroup" value="game"/>
                <label name="testClass" value="InbetAdminTestCase.AdminHomeTest"/>
                <label name="testMethod" value="totalsystermWinOrLose"/>
                <label name="host" value="DESKTOP-NDF1E9V"/>
                <label name="thread" value="47540@DESKTOP-NDF1E9V.main(1)"/>
            </labels>
        </test-case>
        <test-case start="1550924368920" stop="1550924382321" status="passed">
            <name>todayCommission</name>
            <title>验证今日佣金与下级佣金统计-商户今日佣金金额是否一致</title>
            <steps/>
            <attachments/>
            <labels>
                <label name="testSuite" value="Default Suite"/>
                <label name="testGroup" value="game"/>
                <label name="testClass" value="InbetAdminTestCase.AdminHomeTest"/>
                <label name="testMethod" value="todayCommission"/>
                <label name="host" value="DESKTOP-NDF1E9V"/>
                <label name="thread" value="47540@DESKTOP-NDF1E9V.main(1)"/>
            </labels>
        </test-case>
        <test-case start="1550924382325" stop="1550924396014" status="failed">
            <name>totalCommission</name>
            <title>验证佣金总计与下级佣金统计-商户所占佣金金额是否一致</title>
            <failure>
                <message>AssertionError: expected [true] but found [false]</message>
                <stack-trace>java.lang.AssertionError: expected [true] but found [false]
	at org.testng.Assert.fail(Assert.java:94)
	at org.testng.Assert.failNotEquals(Assert.java:496)
	at org.testng.Assert.assertTrue(Assert.java:42)
	at org.testng.Assert.assertTrue(Assert.java:52)
	at InbetAdminTestCase.AdminHomeTest.totalCommission(AdminHomeTest.java:244)
	at sun.reflect.NativeMethodAccessorImpl.invoke0(Native Method)
	at sun.reflect.NativeMethodAccessorImpl.invoke(NativeMethodAccessorImpl.java:62)
	at sun.reflect.DelegatingMethodAccessorImpl.invoke(DelegatingMethodAccessorImpl.java:43)
	at java.lang.reflect.Method.invoke(Method.java:498)
	at org.testng.internal.MethodInvocationHelper.invokeMethod(MethodInvocationHelper.java:85)
	at org.testng.internal.Invoker.invokeMethod(Invoker.java:639)
	at org.testng.internal.Invoker.invokeTestMethod(Invoker.java:816)
	at org.testng.internal.Invoker.invokeTestMethods(Invoker.java:1124)
	at org.testng.internal.TestMethodWorker.invokeTestMethods(TestMethodWorker.java:125)
	at org.testng.internal.TestMethodWorker.run(TestMethodWorker.java:108)
	at org.testng.TestRunner.privateRun(TestRunner.java:774)
	at org.testng.TestRunner.run(TestRunner.java:624)
	at org.testng.SuiteRunner.runTest(SuiteRunner.java:359)
	at org.testng.SuiteRunner.runSequentially(SuiteRunner.java:354)
	at org.testng.SuiteRunner.privateRun(SuiteRunner.java:312)
	at org.testng.SuiteRunner.run(SuiteRunner.java:261)
	at org.testng.SuiteRunnerWorker.runSuite(SuiteRunnerWorker.java:52)
	at org.testng.SuiteRunnerWorker.run(SuiteRunnerWorker.java:86)
	at org.testng.TestNG.runSuitesSequentially(TestNG.java:1191)
	at org.testng.TestNG.runSuitesLocally(TestNG.java:1116)
	at org.testng.TestNG.run(TestNG.java:1024)
	at org.testng.IDEARemoteTestNG.run(IDEARemoteTestNG.java:72)
	at org.testng.RemoteTestNGStarter.main(RemoteTestNGStarter.java:123)
</stack-trace>
            </failure>
            <steps/>
            <attachments/>
            <labels>
                <label name="testSuite" value="Default Suite"/>
                <label name="testGroup" value="game"/>
                <label name="testClass" value="InbetAdminTestCase.AdminHomeTest"/>
                <label name="testMethod" value="totalCommission"/>
                <label name="host" value="DESKTOP-NDF1E9V"/>
                <label name="thread" value="47540@DESKTOP-NDF1E9V.main(1)"/>
            </labels>
        </test-case>
    </test-cases>
    <labels>
        <label name="framework" value="TestNG"/>
        <label name="language" value="JAVA"/>
    </labels>
</ns2:test-suite>
