<?xml version="1.0" encoding="UTF-8" standalone="yes"?>
<ns2:test-suite start="1555575925148" stop="1555576204072" version="1.5.2" xmlns:ns2="urn:model.allure.qatools.yandex.ru">
    <name>All Test Suite : 平台管理员</name>
    <title>All Test Suite : 平台管理员</title>
    <test-cases>
        <test-case start="1555575935139" stop="1555575938546" status="passed">
            <name>serviceIncomeToday</name>
            <title>验证今日服务费收入与下级服务费统计-我的服务费总计金额数据</title>
            <steps/>
            <attachments/>
            <labels>
                <label name="testSuite" value="All Test Suite"/>
                <label name="testGroup" value="平台管理员"/>
                <label name="testClass" value="Admin.AdminHomeTestCase"/>
                <label name="testMethod" value="serviceIncomeToday"/>
                <label name="story" value="首页"/>
                <label name="feature" value="平台管理员"/>
                <label name="host" value="DESKTOP-NDF1E9V"/>
                <label name="thread" value="3644@DESKTOP-NDF1E9V.main(1)"/>
            </labels>
        </test-case>
        <test-case start="1555575938549" stop="1555575945204" status="passed">
            <name>sinceBusinessOperationsTotalArrears</name>
            <title>验证服务费收入总计与下级服务费统计的生成服务费总计金额数据</title>
            <steps/>
            <attachments/>
            <labels>
                <label name="testSuite" value="All Test Suite"/>
                <label name="testGroup" value="平台管理员"/>
                <label name="testClass" value="Admin.AdminHomeTestCase"/>
                <label name="testMethod" value="sinceBusinessOperationsTotalArrears"/>
                <label name="story" value="首页"/>
                <label name="feature" value="平台管理员"/>
                <label name="host" value="DESKTOP-NDF1E9V"/>
                <label name="thread" value="3644@DESKTOP-NDF1E9V.main(1)"/>
            </labels>
        </test-case>
        <test-case start="1555575945206" stop="1555575951837" status="passed">
            <name>businessMoneyTotal</name>
            <title>验证商户欠款总计与下级服务费结算记录总欠款数据</title>
            <steps/>
            <attachments/>
            <labels>
                <label name="testSuite" value="All Test Suite"/>
                <label name="testGroup" value="平台管理员"/>
                <label name="testClass" value="Admin.AdminHomeTestCase"/>
                <label name="testMethod" value="businessMoneyTotal"/>
                <label name="story" value="首页"/>
                <label name="feature" value="平台管理员"/>
                <label name="host" value="DESKTOP-NDF1E9V"/>
                <label name="thread" value="3644@DESKTOP-NDF1E9V.main(1)"/>
            </labels>
        </test-case>
        <test-case start="1555575951840" stop="1555575958498" status="passed">
            <name>playerNumber</name>
            <title>验证今日新增玩家与留存统计今日注册玩家数量是否一致</title>
            <steps/>
            <attachments/>
            <labels>
                <label name="testSuite" value="All Test Suite"/>
                <label name="testGroup" value="平台管理员"/>
                <label name="testClass" value="Admin.AdminHomeTestCase"/>
                <label name="testMethod" value="playerNumber"/>
                <label name="story" value="首页"/>
                <label name="feature" value="平台管理员"/>
                <label name="host" value="DESKTOP-NDF1E9V"/>
                <label name="thread" value="3644@DESKTOP-NDF1E9V.main(1)"/>
            </labels>
        </test-case>
        <test-case start="1555575958500" stop="1555575965195" status="passed">
            <name>systemWinOrLose</name>
            <title>验证今日系统输赢与玩家输赢金额是否一致</title>
            <steps/>
            <attachments/>
            <labels>
                <label name="testSuite" value="All Test Suite"/>
                <label name="testGroup" value="平台管理员"/>
                <label name="testClass" value="Admin.AdminHomeTestCase"/>
                <label name="testMethod" value="systemWinOrLose"/>
                <label name="story" value="首页"/>
                <label name="feature" value="平台管理员"/>
                <label name="host" value="DESKTOP-NDF1E9V"/>
                <label name="thread" value="3644@DESKTOP-NDF1E9V.main(1)"/>
            </labels>
        </test-case>
        <test-case start="1555575965197" stop="1555575971836" status="failed">
            <name>todayCommission</name>
            <title>验证今日佣金与下级经营明细-商户今日佣金金额数据</title>
            <failure>
                <message>AssertionError: expected [true] but found [false]</message>
                <stack-trace>java.lang.AssertionError: expected [true] but found [false]
	at org.testng.Assert.fail(Assert.java:94)
	at org.testng.Assert.failNotEquals(Assert.java:496)
	at org.testng.Assert.assertTrue(Assert.java:42)
	at org.testng.Assert.assertTrue(Assert.java:52)
	at Admin.AdminHomeTestCase.todayCommission(AdminHomeTestCase.java:259)
	at sun.reflect.NativeMethodAccessorImpl.invoke0(Native Method)
	at sun.reflect.NativeMethodAccessorImpl.invoke(NativeMethodAccessorImpl.java:62)
	at sun.reflect.DelegatingMethodAccessorImpl.invoke(DelegatingMethodAccessorImpl.java:43)
	at java.lang.reflect.Method.invoke(Method.java:498)
	at org.testng.internal.MethodInvocationHelper.invokeMethod(MethodInvocationHelper.java:85)
	at org.testng.internal.Invoker.invokeMethod(Invoker.java:639)
	at org.testng.internal.Invoker.invokeTestMethod(Invoker.java:816)
	at org.testng.internal.Invoker.invokeTestMethods(Invoker.java:1124)
	at org.testng.internal.TestMethodWorker.invokeTestMethods(TestMethodWorker.java:125)
	at org.testng.internal.TestMethodWorker.run(TestMethodWorker.java:108)
	at org.testng.TestRunner.privateRun(TestRunner.java:774)
	at org.testng.TestRunner.run(TestRunner.java:624)
	at org.testng.SuiteRunner.runTest(SuiteRunner.java:359)
	at org.testng.SuiteRunner.runSequentially(SuiteRunner.java:354)
	at org.testng.SuiteRunner.privateRun(SuiteRunner.java:312)
	at org.testng.SuiteRunner.run(SuiteRunner.java:261)
	at org.testng.SuiteRunnerWorker.runSuite(SuiteRunnerWorker.java:52)
	at org.testng.SuiteRunnerWorker.run(SuiteRunnerWorker.java:86)
	at org.testng.TestNG.runSuitesSequentially(TestNG.java:1191)
	at org.testng.TestNG.runSuitesLocally(TestNG.java:1116)
	at org.testng.TestNG.run(TestNG.java:1024)
	at org.apache.maven.surefire.testng.TestNGExecutor.run(TestNGExecutor.java:283)
	at org.apache.maven.surefire.testng.TestNGXmlTestSuite.execute(TestNGXmlTestSuite.java:75)
	at org.apache.maven.surefire.testng.TestNGProvider.invoke(TestNGProvider.java:120)
	at org.apache.maven.surefire.booter.ForkedBooter.invokeProviderInSameClassLoader(ForkedBooter.java:386)
	at org.apache.maven.surefire.booter.ForkedBooter.runSuitesInProcess(ForkedBooter.java:323)
	at org.apache.maven.surefire.booter.ForkedBooter.main(ForkedBooter.java:143)
</stack-trace>
            </failure>
            <steps/>
            <attachments/>
            <labels>
                <label name="testSuite" value="All Test Suite"/>
                <label name="testGroup" value="平台管理员"/>
                <label name="testClass" value="Admin.AdminHomeTestCase"/>
                <label name="testMethod" value="todayCommission"/>
                <label name="story" value="首页"/>
                <label name="feature" value="平台管理员"/>
                <label name="host" value="DESKTOP-NDF1E9V"/>
                <label name="thread" value="3644@DESKTOP-NDF1E9V.main(1)"/>
            </labels>
        </test-case>
        <test-case start="1555575971839" stop="1555575978521" status="passed">
            <name>totalCommission</name>
            <title>验证佣金总计与现金推广代理-所有商户总佣金</title>
            <steps/>
            <attachments/>
            <labels>
                <label name="testSuite" value="All Test Suite"/>
                <label name="testGroup" value="平台管理员"/>
                <label name="testClass" value="Admin.AdminHomeTestCase"/>
                <label name="testMethod" value="totalCommission"/>
                <label name="story" value="首页"/>
                <label name="feature" value="平台管理员"/>
                <label name="host" value="DESKTOP-NDF1E9V"/>
                <label name="thread" value="3644@DESKTOP-NDF1E9V.main(1)"/>
            </labels>
        </test-case>
        <test-case start="1555575978523" stop="1555575985264" status="passed">
            <name>rechargeMoneyToday</name>
            <title>验证今日充值金额是否等于现金充值记录的在线充值金额+人工充值金额</title>
            <steps/>
            <attachments/>
            <labels>
                <label name="testSuite" value="All Test Suite"/>
                <label name="testGroup" value="平台管理员"/>
                <label name="testClass" value="Admin.AdminHomeTestCase"/>
                <label name="testMethod" value="rechargeMoneyToday"/>
                <label name="story" value="首页"/>
                <label name="feature" value="平台管理员"/>
                <label name="host" value="DESKTOP-NDF1E9V"/>
                <label name="thread" value="3644@DESKTOP-NDF1E9V.main(1)"/>
            </labels>
        </test-case>
        <test-case start="1555575985267" stop="1555575991975" status="passed">
            <name>withdrawMoneyToday</name>
            <title>验证今日提现金额是否等于现金充值记录的在线提现金额</title>
            <steps/>
            <attachments/>
            <labels>
                <label name="testSuite" value="All Test Suite"/>
                <label name="testGroup" value="平台管理员"/>
                <label name="testClass" value="Admin.AdminHomeTestCase"/>
                <label name="testMethod" value="withdrawMoneyToday"/>
                <label name="story" value="首页"/>
                <label name="feature" value="平台管理员"/>
                <label name="host" value="DESKTOP-NDF1E9V"/>
                <label name="thread" value="3644@DESKTOP-NDF1E9V.main(1)"/>
            </labels>
        </test-case>
        <test-case start="1555575991979" stop="1555576000504" status="passed">
            <name>BusinessPlayerTotal</name>
            <title>验证推广玩家总数</title>
            <steps/>
            <attachments/>
            <labels>
                <label name="testSuite" value="All Test Suite"/>
                <label name="testGroup" value="平台管理员"/>
                <label name="testClass" value="Admin.BusinessDetailCashTestCase"/>
                <label name="testMethod" value="BusinessPlayerTotal"/>
                <label name="story" value="现金商户详情"/>
                <label name="feature" value="平台管理员"/>
                <label name="host" value="DESKTOP-NDF1E9V"/>
                <label name="thread" value="3644@DESKTOP-NDF1E9V.main(1)"/>
            </labels>
        </test-case>
        <test-case start="1555576000506" stop="1555576009649" status="passed">
            <name>businessTaxTotal</name>
            <title>验证商户税收总计金额是否与下级经营明细该商户税收总计一致</title>
            <steps/>
            <attachments/>
            <labels>
                <label name="testSuite" value="All Test Suite"/>
                <label name="testGroup" value="平台管理员"/>
                <label name="testClass" value="Admin.BusinessDetailCashTestCase"/>
                <label name="testMethod" value="businessTaxTotal"/>
                <label name="story" value="现金商户详情"/>
                <label name="feature" value="平台管理员"/>
                <label name="host" value="DESKTOP-NDF1E9V"/>
                <label name="thread" value="3644@DESKTOP-NDF1E9V.main(1)"/>
            </labels>
        </test-case>
        <test-case start="1555576009651" stop="1555576018609" status="passed">
            <name>businessCommissionTotal</name>
            <title>验证现今商户佣金总计与下级经营明细佣金是否一致</title>
            <steps/>
            <attachments/>
            <labels>
                <label name="testSuite" value="All Test Suite"/>
                <label name="testGroup" value="平台管理员"/>
                <label name="testClass" value="Admin.BusinessDetailCashTestCase"/>
                <label name="testMethod" value="businessCommissionTotal"/>
                <label name="story" value="现金商户详情"/>
                <label name="feature" value="平台管理员"/>
                <label name="host" value="DESKTOP-NDF1E9V"/>
                <label name="thread" value="3644@DESKTOP-NDF1E9V.main(1)"/>
            </labels>
        </test-case>
        <test-case start="1555576018611" stop="1555576029902" status="failed">
            <name>waitWithdrawCommission</name>
            <title>验证1下级佣金结算记录变动前后金额计算无误,2累计提款金额计算无误</title>
            <failure>
                <message>AssertionError: expected [true] but found [false]</message>
                <stack-trace>java.lang.AssertionError: expected [true] but found [false]
	at org.testng.Assert.fail(Assert.java:94)
	at org.testng.Assert.failNotEquals(Assert.java:496)
	at org.testng.Assert.assertTrue(Assert.java:42)
	at org.testng.Assert.assertTrue(Assert.java:52)
	at Admin.BusinessDetailCashTestCase.waitWithdrawCommission(BusinessDetailCashTestCase.java:234)
	at sun.reflect.NativeMethodAccessorImpl.invoke0(Native Method)
	at sun.reflect.NativeMethodAccessorImpl.invoke(NativeMethodAccessorImpl.java:62)
	at sun.reflect.DelegatingMethodAccessorImpl.invoke(DelegatingMethodAccessorImpl.java:43)
	at java.lang.reflect.Method.invoke(Method.java:498)
	at org.testng.internal.MethodInvocationHelper.invokeMethod(MethodInvocationHelper.java:85)
	at org.testng.internal.Invoker.invokeMethod(Invoker.java:639)
	at org.testng.internal.Invoker.invokeTestMethod(Invoker.java:816)
	at org.testng.internal.Invoker.invokeTestMethods(Invoker.java:1124)
	at org.testng.internal.TestMethodWorker.invokeTestMethods(TestMethodWorker.java:125)
	at org.testng.internal.TestMethodWorker.run(TestMethodWorker.java:108)
	at org.testng.TestRunner.privateRun(TestRunner.java:774)
	at org.testng.TestRunner.run(TestRunner.java:624)
	at org.testng.SuiteRunner.runTest(SuiteRunner.java:359)
	at org.testng.SuiteRunner.runSequentially(SuiteRunner.java:354)
	at org.testng.SuiteRunner.privateRun(SuiteRunner.java:312)
	at org.testng.SuiteRunner.run(SuiteRunner.java:261)
	at org.testng.SuiteRunnerWorker.runSuite(SuiteRunnerWorker.java:52)
	at org.testng.SuiteRunnerWorker.run(SuiteRunnerWorker.java:86)
	at org.testng.TestNG.runSuitesSequentially(TestNG.java:1191)
	at org.testng.TestNG.runSuitesLocally(TestNG.java:1116)
	at org.testng.TestNG.run(TestNG.java:1024)
	at org.apache.maven.surefire.testng.TestNGExecutor.run(TestNGExecutor.java:283)
	at org.apache.maven.surefire.testng.TestNGXmlTestSuite.execute(TestNGXmlTestSuite.java:75)
	at org.apache.maven.surefire.testng.TestNGProvider.invoke(TestNGProvider.java:120)
	at org.apache.maven.surefire.booter.ForkedBooter.invokeProviderInSameClassLoader(ForkedBooter.java:386)
	at org.apache.maven.surefire.booter.ForkedBooter.runSuitesInProcess(ForkedBooter.java:323)
	at org.apache.maven.surefire.booter.ForkedBooter.main(ForkedBooter.java:143)
</stack-trace>
            </failure>
            <steps/>
            <attachments/>
            <labels>
                <label name="testSuite" value="All Test Suite"/>
                <label name="testGroup" value="平台管理员"/>
                <label name="testClass" value="Admin.BusinessDetailCashTestCase"/>
                <label name="testMethod" value="waitWithdrawCommission"/>
                <label name="story" value="现金商户详情"/>
                <label name="feature" value="平台管理员"/>
                <label name="host" value="DESKTOP-NDF1E9V"/>
                <label name="thread" value="3644@DESKTOP-NDF1E9V.main(1)"/>
            </labels>
        </test-case>
        <test-case start="1555576029904" stop="1555576047204" status="passed">
            <name>creditExplorerServiceHistoryTotal</name>
            <title>验证信用商户运营数据-历史服务费总计与下级服务费统计该商户的生成服务费总计金额一致</title>
            <steps/>
            <attachments/>
            <labels>
                <label name="testSuite" value="All Test Suite"/>
                <label name="testGroup" value="平台管理员"/>
                <label name="testClass" value="Admin.BusinessDetailCreditTestCase"/>
                <label name="testMethod" value="creditExplorerServiceHistoryTotal"/>
                <label name="story" value="信用代理详情"/>
                <label name="feature" value="平台管理员"/>
                <label name="host" value="DESKTOP-NDF1E9V"/>
                <label name="thread" value="3644@DESKTOP-NDF1E9V.main(1)"/>
            </labels>
        </test-case>
        <test-case start="1555576047206" stop="1555576064436" status="passed">
            <name>creditExplorerAccountBalance</name>
            <title>验证信用商户运营数据-服务费账户余额与下级服务费统计-今日结算后余额是否一致</title>
            <steps/>
            <attachments/>
            <labels>
                <label name="testSuite" value="All Test Suite"/>
                <label name="testGroup" value="平台管理员"/>
                <label name="testClass" value="Admin.BusinessDetailCreditTestCase"/>
                <label name="testMethod" value="creditExplorerAccountBalance"/>
                <label name="story" value="信用代理详情"/>
                <label name="feature" value="平台管理员"/>
                <label name="host" value="DESKTOP-NDF1E9V"/>
                <label name="thread" value="3644@DESKTOP-NDF1E9V.main(1)"/>
            </labels>
        </test-case>
        <test-case start="1555576064438" stop="1555576083883" status="passed">
            <name>creditBusinessServiceHistoryTotal</name>
            <title>验证信用商务运营数据-历史服务费总计与下级服务费统计该商务的生成服务费总计金额一致</title>
            <steps/>
            <attachments/>
            <labels>
                <label name="testSuite" value="All Test Suite"/>
                <label name="testGroup" value="平台管理员"/>
                <label name="testClass" value="Admin.BusinessDetailCreditTestCase"/>
                <label name="testMethod" value="creditBusinessServiceHistoryTotal"/>
                <label name="story" value="信用代理详情"/>
                <label name="feature" value="平台管理员"/>
                <label name="host" value="DESKTOP-NDF1E9V"/>
                <label name="thread" value="3644@DESKTOP-NDF1E9V.main(1)"/>
            </labels>
        </test-case>
        <test-case start="1555576083885" stop="1555576103163" status="passed">
            <name>creditBusinessServiceAccountBalance</name>
            <title>验证信用商务运营数据-服务费账户余额与下级服务费统计-今日结算后余额是否一致</title>
            <steps/>
            <attachments/>
            <labels>
                <label name="testSuite" value="All Test Suite"/>
                <label name="testGroup" value="平台管理员"/>
                <label name="testClass" value="Admin.BusinessDetailCreditTestCase"/>
                <label name="testMethod" value="creditBusinessServiceAccountBalance"/>
                <label name="story" value="信用代理详情"/>
                <label name="feature" value="平台管理员"/>
                <label name="host" value="DESKTOP-NDF1E9V"/>
                <label name="thread" value="3644@DESKTOP-NDF1E9V.main(1)"/>
            </labels>
        </test-case>
        <test-case start="1555576103164" stop="1555576122460" status="passed">
            <name>creditAgentServiceHistoryTotal</name>
            <title>验证信用代理运营数据-历史服务费总计与下级服务费的生成服务费总计是否一致</title>
            <steps/>
            <attachments/>
            <labels>
                <label name="testSuite" value="All Test Suite"/>
                <label name="testGroup" value="平台管理员"/>
                <label name="testClass" value="Admin.BusinessDetailCreditTestCase"/>
                <label name="testMethod" value="creditAgentServiceHistoryTotal"/>
                <label name="story" value="信用代理详情"/>
                <label name="feature" value="平台管理员"/>
                <label name="host" value="DESKTOP-NDF1E9V"/>
                <label name="thread" value="3644@DESKTOP-NDF1E9V.main(1)"/>
            </labels>
        </test-case>
        <test-case start="1555576122462" stop="1555576141650" status="passed">
            <name>creditAgentServiceAccountBalance</name>
            <title>验证信用代理运营数据-信用代理服务费账户余额与下级服务费的今日结算后余额是否一致</title>
            <steps/>
            <attachments/>
            <labels>
                <label name="testSuite" value="All Test Suite"/>
                <label name="testGroup" value="平台管理员"/>
                <label name="testClass" value="Admin.BusinessDetailCreditTestCase"/>
                <label name="testMethod" value="creditAgentServiceAccountBalance"/>
                <label name="story" value="信用代理详情"/>
                <label name="feature" value="平台管理员"/>
                <label name="host" value="DESKTOP-NDF1E9V"/>
                <label name="thread" value="3644@DESKTOP-NDF1E9V.main(1)"/>
            </labels>
        </test-case>
        <test-case start="1555576141651" stop="1555576147233" status="passed">
            <name>loginNumber</name>
            <title>验证登录人数是否等于留存登录人数数据</title>
            <steps/>
            <attachments/>
            <labels>
                <label name="testSuite" value="All Test Suite"/>
                <label name="testGroup" value="平台管理员"/>
                <label name="testClass" value="Admin.ModeComplexStatisticsCashTestCase"/>
                <label name="testMethod" value="loginNumber"/>
                <label name="story" value="现金模式综合统计"/>
                <label name="feature" value="平台管理员"/>
                <label name="host" value="DESKTOP-NDF1E9V"/>
                <label name="thread" value="3644@DESKTOP-NDF1E9V.main(1)"/>
            </labels>
        </test-case>
        <test-case start="1555576147234" stop="1555576153177" status="passed">
            <name>registeredNumber</name>
            <title>验证注册人数是否等于现金留存数据</title>
            <steps/>
            <attachments/>
            <labels>
                <label name="testSuite" value="All Test Suite"/>
                <label name="testGroup" value="平台管理员"/>
                <label name="testClass" value="Admin.ModeComplexStatisticsCashTestCase"/>
                <label name="testMethod" value="registeredNumber"/>
                <label name="story" value="现金模式综合统计"/>
                <label name="feature" value="平台管理员"/>
                <label name="host" value="DESKTOP-NDF1E9V"/>
                <label name="thread" value="3644@DESKTOP-NDF1E9V.main(1)"/>
            </labels>
        </test-case>
        <test-case start="1555576153178" stop="1555576160249" status="passed">
            <name>rechargeTotalToday</name>
            <title>验证今日总充值金额数据是否等于现金充值记录今日充值金额</title>
            <steps/>
            <attachments/>
            <labels>
                <label name="testSuite" value="All Test Suite"/>
                <label name="testGroup" value="平台管理员"/>
                <label name="testClass" value="Admin.ModeComplexStatisticsCashTestCase"/>
                <label name="testMethod" value="rechargeTotalToday"/>
                <label name="story" value="现金模式综合统计"/>
                <label name="feature" value="平台管理员"/>
                <label name="host" value="DESKTOP-NDF1E9V"/>
                <label name="thread" value="3644@DESKTOP-NDF1E9V.main(1)"/>
            </labels>
        </test-case>
        <test-case start="1555576160251" stop="1555576167191" status="passed">
            <name>rechargeNumberTotal</name>
            <title>验证今日充值人数是否等于总充人数</title>
            <steps/>
            <attachments/>
            <labels>
                <label name="testSuite" value="All Test Suite"/>
                <label name="testGroup" value="平台管理员"/>
                <label name="testClass" value="Admin.ModeComplexStatisticsCashTestCase"/>
                <label name="testMethod" value="rechargeNumberTotal"/>
                <label name="story" value="现金模式综合统计"/>
                <label name="feature" value="平台管理员"/>
                <label name="host" value="DESKTOP-NDF1E9V"/>
                <label name="thread" value="3644@DESKTOP-NDF1E9V.main(1)"/>
            </labels>
        </test-case>
        <test-case start="1555576167193" stop="1555576170617" status="broken">
            <name>rechargeNumberAverage</name>
            <title>验证人均充值金额是否等于总充金额/人数</title>
            <failure>
                <message>ArithmeticException: Division undefined</message>
                <stack-trace>java.lang.ArithmeticException: Division undefined
	at java.math.BigDecimal.divide(BigDecimal.java:1664)
	at Admin.ModeComplexStatisticsCashTestCase.rechargeNumberAverage(ModeComplexStatisticsCashTestCase.java:238)
	at sun.reflect.NativeMethodAccessorImpl.invoke0(Native Method)
	at sun.reflect.NativeMethodAccessorImpl.invoke(NativeMethodAccessorImpl.java:62)
	at sun.reflect.DelegatingMethodAccessorImpl.invoke(DelegatingMethodAccessorImpl.java:43)
	at java.lang.reflect.Method.invoke(Method.java:498)
	at org.testng.internal.MethodInvocationHelper.invokeMethod(MethodInvocationHelper.java:85)
	at org.testng.internal.Invoker.invokeMethod(Invoker.java:639)
	at org.testng.internal.Invoker.invokeTestMethod(Invoker.java:816)
	at org.testng.internal.Invoker.invokeTestMethods(Invoker.java:1124)
	at org.testng.internal.TestMethodWorker.invokeTestMethods(TestMethodWorker.java:125)
	at org.testng.internal.TestMethodWorker.run(TestMethodWorker.java:108)
	at org.testng.TestRunner.privateRun(TestRunner.java:774)
	at org.testng.TestRunner.run(TestRunner.java:624)
	at org.testng.SuiteRunner.runTest(SuiteRunner.java:359)
	at org.testng.SuiteRunner.runSequentially(SuiteRunner.java:354)
	at org.testng.SuiteRunner.privateRun(SuiteRunner.java:312)
	at org.testng.SuiteRunner.run(SuiteRunner.java:261)
	at org.testng.SuiteRunnerWorker.runSuite(SuiteRunnerWorker.java:52)
	at org.testng.SuiteRunnerWorker.run(SuiteRunnerWorker.java:86)
	at org.testng.TestNG.runSuitesSequentially(TestNG.java:1191)
	at org.testng.TestNG.runSuitesLocally(TestNG.java:1116)
	at org.testng.TestNG.run(TestNG.java:1024)
	at org.apache.maven.surefire.testng.TestNGExecutor.run(TestNGExecutor.java:283)
	at org.apache.maven.surefire.testng.TestNGXmlTestSuite.execute(TestNGXmlTestSuite.java:75)
	at org.apache.maven.surefire.testng.TestNGProvider.invoke(TestNGProvider.java:120)
	at org.apache.maven.surefire.booter.ForkedBooter.invokeProviderInSameClassLoader(ForkedBooter.java:386)
	at org.apache.maven.surefire.booter.ForkedBooter.runSuitesInProcess(ForkedBooter.java:323)
	at org.apache.maven.surefire.booter.ForkedBooter.main(ForkedBooter.java:143)
</stack-trace>
            </failure>
            <steps/>
            <attachments/>
            <labels>
                <label name="testSuite" value="All Test Suite"/>
                <label name="testGroup" value="平台管理员"/>
                <label name="testClass" value="Admin.ModeComplexStatisticsCashTestCase"/>
                <label name="testMethod" value="rechargeNumberAverage"/>
                <label name="story" value="现金模式综合统计"/>
                <label name="feature" value="平台管理员"/>
                <label name="host" value="DESKTOP-NDF1E9V"/>
                <label name="thread" value="3644@DESKTOP-NDF1E9V.main(1)"/>
            </labels>
        </test-case>
        <test-case start="1555576170619" stop="1555576176370" status="passed">
            <name>registeredNumber</name>
            <title>验证当日注册人数数量</title>
            <steps/>
            <attachments/>
            <labels>
                <label name="testSuite" value="All Test Suite"/>
                <label name="testGroup" value="平台管理员"/>
                <label name="testClass" value="Admin.ModeComplexStatisticsCreditTestCase"/>
                <label name="testMethod" value="registeredNumber"/>
                <label name="story" value="信用模式综合统计"/>
                <label name="feature" value="平台管理员"/>
                <label name="host" value="DESKTOP-NDF1E9V"/>
                <label name="thread" value="3644@DESKTOP-NDF1E9V.main(1)"/>
            </labels>
        </test-case>
        <test-case start="1555576176372" stop="1555576182130" status="passed">
            <name>loginNumber</name>
            <title>验证登录人数数据</title>
            <steps/>
            <attachments/>
            <labels>
                <label name="testSuite" value="All Test Suite"/>
                <label name="testGroup" value="平台管理员"/>
                <label name="testClass" value="Admin.ModeComplexStatisticsCreditTestCase"/>
                <label name="testMethod" value="loginNumber"/>
                <label name="story" value="信用模式综合统计"/>
                <label name="feature" value="平台管理员"/>
                <label name="host" value="DESKTOP-NDF1E9V"/>
                <label name="thread" value="3644@DESKTOP-NDF1E9V.main(1)"/>
            </labels>
        </test-case>
        <test-case start="1555576182132" stop="1555576187743" status="passed">
            <name>Bet</name>
            <title>验证投注额是否等于信用模式游戏输赢统计投注额</title>
            <steps/>
            <attachments/>
            <labels>
                <label name="testSuite" value="All Test Suite"/>
                <label name="testGroup" value="平台管理员"/>
                <label name="testClass" value="Admin.ModeComplexStatisticsCreditTestCase"/>
                <label name="testMethod" value="Bet"/>
                <label name="story" value="信用模式综合统计"/>
                <label name="feature" value="平台管理员"/>
                <label name="host" value="DESKTOP-NDF1E9V"/>
                <label name="thread" value="3644@DESKTOP-NDF1E9V.main(1)"/>
            </labels>
        </test-case>
        <test-case start="1555576187745" stop="1555576203603" status="broken">
            <name>serviceMoney</name>
            <title>验证服务费金额数据是否与下级服务费统计今日服务费金额一致</title>
            <failure>
                <message>NoSuchElementException: no such element: Unable to locate element: {"method":"xpath","selector":"//*[@id="root"]/section/section/main/div[2]/div[2]/div[2]/div[1]/div/div[2]/div[1]/div/div[1]/div[3]/span[2]"}
  (Session info: chrome=73.0.3683.103)
  (Driver info: chromedriver=2.45.615291 (ec3682e3c9061c10f26ea9e5cdcf3c53f3f74387),platform=Windows NT 10.0.17134 x86_64) (WARNING: The server did not provide any stacktrace information)
Command duration or timeout: 10.01 seconds
For documentation on this error, please visit: http://seleniumhq.org/exceptions/no_such_element.html
Build info: version: '3.0.0', revision: '350cf60', time: '2016-10-13 10:48:57 -0700'
System info: host: 'DESKTOP-NDF1E9V', ip: '192.168.1.252', os.name: 'Windows 10', os.arch: 'amd64', os.version: '10.0', java.version: '1.8.0_191'
Driver info: org.openqa.selenium.chrome.ChromeDriver
Capabilities [{mobileEmulationEnabled=false, timeouts={implicit=0, pageLoad=300000, script=30000}, hasTouchScreen=false, platform=XP, acceptSslCerts=false, goog:chromeOptions={debuggerAddress=localhost:60641}, acceptInsecureCerts=false, webStorageEnabled=true, browserName=chrome, takesScreenshot=true, javascriptEnabled=true, setWindowRect=true, unexpectedAlertBehaviour=ignore, applicationCacheEnabled=false, rotatable=false, networkConnectionEnabled=false, chrome={chromedriverVersion=2.45.615291 (ec3682e3c9061c10f26ea9e5cdcf3c53f3f74387), userDataDir=C:\Users\jtc\AppData\Local\Temp\scoped_dir9692_12476}, takesHeapSnapshot=true, pageLoadStrategy=normal, strictFileInteractability=false, databaseEnabled=false, handlesAlerts=true, version=73.0.3683.103, browserConnectionEnabled=false, proxy={}, nativeEvents=true, locationContextEnabled=true, cssSelectorsEnabled=true}]
Session ID: fe6453d337474846e9133a7fd4a5587c
*** Element info: {Using=xpath, value=//*[@id="root"]/section/section/main/div[2]/div[2]/div[2]/div[1]/div/div[2]/div[1]/div/div[1]/div[3]/span[2]}</message>
                <stack-trace>org.openqa.selenium.NoSuchElementException: no such element: Unable to locate element: {"method":"xpath","selector":"//*[@id="root"]/section/section/main/div[2]/div[2]/div[2]/div[1]/div/div[2]/div[1]/div/div[1]/div[3]/span[2]"}
  (Session info: chrome=73.0.3683.103)
  (Driver info: chromedriver=2.45.615291 (ec3682e3c9061c10f26ea9e5cdcf3c53f3f74387),platform=Windows NT 10.0.17134 x86_64) (WARNING: The server did not provide any stacktrace information)
Command duration or timeout: 10.01 seconds
For documentation on this error, please visit: http://seleniumhq.org/exceptions/no_such_element.html
Build info: version: '3.0.0', revision: '350cf60', time: '2016-10-13 10:48:57 -0700'
System info: host: 'DESKTOP-NDF1E9V', ip: '192.168.1.252', os.name: 'Windows 10', os.arch: 'amd64', os.version: '10.0', java.version: '1.8.0_191'
Driver info: org.openqa.selenium.chrome.ChromeDriver
Capabilities [{mobileEmulationEnabled=false, timeouts={implicit=0, pageLoad=300000, script=30000}, hasTouchScreen=false, platform=XP, acceptSslCerts=false, goog:chromeOptions={debuggerAddress=localhost:60641}, acceptInsecureCerts=false, webStorageEnabled=true, browserName=chrome, takesScreenshot=true, javascriptEnabled=true, setWindowRect=true, unexpectedAlertBehaviour=ignore, applicationCacheEnabled=false, rotatable=false, networkConnectionEnabled=false, chrome={chromedriverVersion=2.45.615291 (ec3682e3c9061c10f26ea9e5cdcf3c53f3f74387), userDataDir=C:\Users\jtc\AppData\Local\Temp\scoped_dir9692_12476}, takesHeapSnapshot=true, pageLoadStrategy=normal, strictFileInteractability=false, databaseEnabled=false, handlesAlerts=true, version=73.0.3683.103, browserConnectionEnabled=false, proxy={}, nativeEvents=true, locationContextEnabled=true, cssSelectorsEnabled=true}]
Session ID: fe6453d337474846e9133a7fd4a5587c
*** Element info: {Using=xpath, value=//*[@id="root"]/section/section/main/div[2]/div[2]/div[2]/div[1]/div/div[2]/div[1]/div/div[1]/div[3]/span[2]}
	at sun.reflect.NativeConstructorAccessorImpl.newInstance0(Native Method)
	at sun.reflect.NativeConstructorAccessorImpl.newInstance(NativeConstructorAccessorImpl.java:62)
	at sun.reflect.DelegatingConstructorAccessorImpl.newInstance(DelegatingConstructorAccessorImpl.java:45)
	at java.lang.reflect.Constructor.newInstance(Constructor.java:423)
	at org.openqa.selenium.remote.ErrorHandler.createThrowable(ErrorHandler.java:216)
	at org.openqa.selenium.remote.ErrorHandler.throwIfResponseFailed(ErrorHandler.java:168)
	at org.openqa.selenium.remote.RemoteWebDriver.execute(RemoteWebDriver.java:635)
	at org.openqa.selenium.remote.RemoteWebDriver.findElement(RemoteWebDriver.java:368)
	at org.openqa.selenium.remote.RemoteWebDriver.findElementByXPath(RemoteWebDriver.java:473)
	at org.openqa.selenium.By$ByXPath.findElement(By.java:361)
	at org.openqa.selenium.remote.RemoteWebDriver.findElement(RemoteWebDriver.java:360)
	at SeleniumMethod.WebDriverUtil.findElementByXpath(WebDriverUtil.java:154)
	at SeleniumMethod.WebDriverUtil.getTextByXpath(WebDriverUtil.java:411)
	at Admin.ModeComplexStatisticsCreditTestCase.serviceMoney(ModeComplexStatisticsCreditTestCase.java:182)
	at sun.reflect.NativeMethodAccessorImpl.invoke0(Native Method)
	at sun.reflect.NativeMethodAccessorImpl.invoke(NativeMethodAccessorImpl.java:62)
	at sun.reflect.DelegatingMethodAccessorImpl.invoke(DelegatingMethodAccessorImpl.java:43)
	at java.lang.reflect.Method.invoke(Method.java:498)
	at org.testng.internal.MethodInvocationHelper.invokeMethod(MethodInvocationHelper.java:85)
	at org.testng.internal.Invoker.invokeMethod(Invoker.java:639)
	at org.testng.internal.Invoker.invokeTestMethod(Invoker.java:816)
	at org.testng.internal.Invoker.invokeTestMethods(Invoker.java:1124)
	at org.testng.internal.TestMethodWorker.invokeTestMethods(TestMethodWorker.java:125)
	at org.testng.internal.TestMethodWorker.run(TestMethodWorker.java:108)
	at org.testng.TestRunner.privateRun(TestRunner.java:774)
	at org.testng.TestRunner.run(TestRunner.java:624)
	at org.testng.SuiteRunner.runTest(SuiteRunner.java:359)
	at org.testng.SuiteRunner.runSequentially(SuiteRunner.java:354)
	at org.testng.SuiteRunner.privateRun(SuiteRunner.java:312)
	at org.testng.SuiteRunner.run(SuiteRunner.java:261)
	at org.testng.SuiteRunnerWorker.runSuite(SuiteRunnerWorker.java:52)
	at org.testng.SuiteRunnerWorker.run(SuiteRunnerWorker.java:86)
	at org.testng.TestNG.runSuitesSequentially(TestNG.java:1191)
	at org.testng.TestNG.runSuitesLocally(TestNG.java:1116)
	at org.testng.TestNG.run(TestNG.java:1024)
	at org.apache.maven.surefire.testng.TestNGExecutor.run(TestNGExecutor.java:283)
	at org.apache.maven.surefire.testng.TestNGXmlTestSuite.execute(TestNGXmlTestSuite.java:75)
	at org.apache.maven.surefire.testng.TestNGProvider.invoke(TestNGProvider.java:120)
	at org.apache.maven.surefire.booter.ForkedBooter.invokeProviderInSameClassLoader(ForkedBooter.java:386)
	at org.apache.maven.surefire.booter.ForkedBooter.runSuitesInProcess(ForkedBooter.java:323)
	at org.apache.maven.surefire.booter.ForkedBooter.main(ForkedBooter.java:143)
</stack-trace>
            </failure>
            <steps/>
            <attachments/>
            <labels>
                <label name="testSuite" value="All Test Suite"/>
                <label name="testGroup" value="平台管理员"/>
                <label name="testClass" value="Admin.ModeComplexStatisticsCreditTestCase"/>
                <label name="testMethod" value="serviceMoney"/>
                <label name="story" value="信用模式综合统计"/>
                <label name="feature" value="平台管理员"/>
                <label name="host" value="DESKTOP-NDF1E9V"/>
                <label name="thread" value="3644@DESKTOP-NDF1E9V.main(1)"/>
            </labels>
        </test-case>
    </test-cases>
    <labels>
        <label name="framework" value="TestNG"/>
        <label name="language" value="JAVA"/>
    </labels>
</ns2:test-suite>
