<?xml version="1.0" encoding="UTF-8" standalone="yes"?>
<ns2:test-suite start="1571727701439" stop="1571727758259" version="1.5.2" xmlns:ns2="urn:model.allure.qatools.yandex.ru">
    <name>Default Suite : webdriverCpTest</name>
    <title>Default Suite : webdriverCpTest</title>
    <test-cases>
        <test-case start="1571727714307" stop="1571727718845" status="passed">
            <name>vipNumberToday</name>
            <title>验证总代理今日会员数</title>
            <steps/>
            <attachments/>
            <labels>
                <label name="testSuite" value="Default Suite"/>
                <label name="testGroup" value="webdriverCpTest"/>
                <label name="testClass" value="Backstage.admin.ReportManagement"/>
                <label name="testMethod" value="vipNumberToday"/>
                <label name="story" value="总代理报表"/>
                <label name="feature" value="报表管理"/>
                <label name="host" value="DESKTOP-APMUM9I"/>
                <label name="thread" value="6296@DESKTOP-APMUM9I.main(1)"/>
            </labels>
        </test-case>
        <test-case start="1571727718848" stop="1571727723218" status="passed">
            <name>countTotal</name>
            <title>验证总代理今日充值金额</title>
            <steps/>
            <attachments/>
            <labels>
                <label name="testSuite" value="Default Suite"/>
                <label name="testGroup" value="webdriverCpTest"/>
                <label name="testClass" value="Backstage.admin.ReportManagement"/>
                <label name="testMethod" value="countTotal"/>
                <label name="story" value="总代理报表"/>
                <label name="feature" value="报表管理"/>
                <label name="host" value="DESKTOP-APMUM9I"/>
                <label name="thread" value="6296@DESKTOP-APMUM9I.main(1)"/>
            </labels>
        </test-case>
        <test-case start="1571727723220" stop="1571727727615" status="failed">
            <name>betMoneyAgentTotal</name>
            <title>验证总代理今日投注金额</title>
            <failure>
                <message>AssertionError: expected [true] but found [false]</message>
                <stack-trace>java.lang.AssertionError: expected [true] but found [false]
	at org.testng.Assert.fail(Assert.java:94)
	at org.testng.Assert.failNotEquals(Assert.java:496)
	at org.testng.Assert.assertTrue(Assert.java:42)
	at org.testng.Assert.assertTrue(Assert.java:52)
	at Backstage.admin.ReportManagement.betMoneyAgentTotal(ReportManagement.java:117)
	at sun.reflect.NativeMethodAccessorImpl.invoke0(Native Method)
	at sun.reflect.NativeMethodAccessorImpl.invoke(NativeMethodAccessorImpl.java:62)
	at sun.reflect.DelegatingMethodAccessorImpl.invoke(DelegatingMethodAccessorImpl.java:43)
	at java.lang.reflect.Method.invoke(Method.java:498)
	at org.testng.internal.MethodInvocationHelper.invokeMethod(MethodInvocationHelper.java:85)
	at org.testng.internal.Invoker.invokeMethod(Invoker.java:639)
	at org.testng.internal.Invoker.invokeTestMethod(Invoker.java:816)
	at org.testng.internal.Invoker.invokeTestMethods(Invoker.java:1124)
	at org.testng.internal.TestMethodWorker.invokeTestMethods(TestMethodWorker.java:125)
	at org.testng.internal.TestMethodWorker.run(TestMethodWorker.java:108)
	at org.testng.TestRunner.privateRun(TestRunner.java:774)
	at org.testng.TestRunner.run(TestRunner.java:624)
	at org.testng.SuiteRunner.runTest(SuiteRunner.java:359)
	at org.testng.SuiteRunner.runSequentially(SuiteRunner.java:354)
	at org.testng.SuiteRunner.privateRun(SuiteRunner.java:312)
	at org.testng.SuiteRunner.run(SuiteRunner.java:261)
	at org.testng.SuiteRunnerWorker.runSuite(SuiteRunnerWorker.java:52)
	at org.testng.SuiteRunnerWorker.run(SuiteRunnerWorker.java:86)
	at org.testng.TestNG.runSuitesSequentially(TestNG.java:1191)
	at org.testng.TestNG.runSuitesLocally(TestNG.java:1116)
	at org.testng.TestNG.run(TestNG.java:1024)
	at org.testng.IDEARemoteTestNG.run(IDEARemoteTestNG.java:73)
	at org.testng.RemoteTestNGStarter.main(RemoteTestNGStarter.java:123)
</stack-trace>
            </failure>
            <steps/>
            <attachments/>
            <labels>
                <label name="testSuite" value="Default Suite"/>
                <label name="testGroup" value="webdriverCpTest"/>
                <label name="testClass" value="Backstage.admin.ReportManagement"/>
                <label name="testMethod" value="betMoneyAgentTotal"/>
                <label name="story" value="总代理报表"/>
                <label name="feature" value="报表管理"/>
                <label name="host" value="DESKTOP-APMUM9I"/>
                <label name="thread" value="6296@DESKTOP-APMUM9I.main(1)"/>
            </labels>
        </test-case>
        <test-case start="1571727727616" stop="1571727731964" status="passed">
            <name>winBetMoneyAgentTotal</name>
            <title>验证总代理今日赢利投注金额</title>
            <steps/>
            <attachments/>
            <labels>
                <label name="testSuite" value="Default Suite"/>
                <label name="testGroup" value="webdriverCpTest"/>
                <label name="testClass" value="Backstage.admin.ReportManagement"/>
                <label name="testMethod" value="winBetMoneyAgentTotal"/>
                <label name="story" value="总代理报表"/>
                <label name="feature" value="报表管理"/>
                <label name="host" value="DESKTOP-APMUM9I"/>
                <label name="thread" value="6296@DESKTOP-APMUM9I.main(1)"/>
            </labels>
        </test-case>
        <test-case start="1571727731967" stop="1571727736361" status="failed">
            <name>serviceChargeAgentTotal</name>
            <title>验证总代理充值优惠/服务费金额</title>
            <failure>
                <message>AssertionError: expected [true] but found [false]</message>
                <stack-trace>java.lang.AssertionError: expected [true] but found [false]
	at org.testng.Assert.fail(Assert.java:94)
	at org.testng.Assert.failNotEquals(Assert.java:496)
	at org.testng.Assert.assertTrue(Assert.java:42)
	at org.testng.Assert.assertTrue(Assert.java:52)
	at Backstage.admin.ReportManagement.serviceChargeAgentTotal(ReportManagement.java:177)
	at sun.reflect.NativeMethodAccessorImpl.invoke0(Native Method)
	at sun.reflect.NativeMethodAccessorImpl.invoke(NativeMethodAccessorImpl.java:62)
	at sun.reflect.DelegatingMethodAccessorImpl.invoke(DelegatingMethodAccessorImpl.java:43)
	at java.lang.reflect.Method.invoke(Method.java:498)
	at org.testng.internal.MethodInvocationHelper.invokeMethod(MethodInvocationHelper.java:85)
	at org.testng.internal.Invoker.invokeMethod(Invoker.java:639)
	at org.testng.internal.Invoker.invokeTestMethod(Invoker.java:816)
	at org.testng.internal.Invoker.invokeTestMethods(Invoker.java:1124)
	at org.testng.internal.TestMethodWorker.invokeTestMethods(TestMethodWorker.java:125)
	at org.testng.internal.TestMethodWorker.run(TestMethodWorker.java:108)
	at org.testng.TestRunner.privateRun(TestRunner.java:774)
	at org.testng.TestRunner.run(TestRunner.java:624)
	at org.testng.SuiteRunner.runTest(SuiteRunner.java:359)
	at org.testng.SuiteRunner.runSequentially(SuiteRunner.java:354)
	at org.testng.SuiteRunner.privateRun(SuiteRunner.java:312)
	at org.testng.SuiteRunner.run(SuiteRunner.java:261)
	at org.testng.SuiteRunnerWorker.runSuite(SuiteRunnerWorker.java:52)
	at org.testng.SuiteRunnerWorker.run(SuiteRunnerWorker.java:86)
	at org.testng.TestNG.runSuitesSequentially(TestNG.java:1191)
	at org.testng.TestNG.runSuitesLocally(TestNG.java:1116)
	at org.testng.TestNG.run(TestNG.java:1024)
	at org.testng.IDEARemoteTestNG.run(IDEARemoteTestNG.java:73)
	at org.testng.RemoteTestNGStarter.main(RemoteTestNGStarter.java:123)
</stack-trace>
            </failure>
            <steps/>
            <attachments/>
            <labels>
                <label name="testSuite" value="Default Suite"/>
                <label name="testGroup" value="webdriverCpTest"/>
                <label name="testClass" value="Backstage.admin.ReportManagement"/>
                <label name="testMethod" value="serviceChargeAgentTotal"/>
                <label name="story" value="总代理报表"/>
                <label name="feature" value="报表管理"/>
                <label name="host" value="DESKTOP-APMUM9I"/>
                <label name="thread" value="6296@DESKTOP-APMUM9I.main(1)"/>
            </labels>
        </test-case>
        <test-case start="1571727736362" stop="1571727740740" status="passed">
            <name>waterBreakAgentTotal</name>
            <title>验证总代理报表代理退水金额</title>
            <steps/>
            <attachments/>
            <labels>
                <label name="testSuite" value="Default Suite"/>
                <label name="testGroup" value="webdriverCpTest"/>
                <label name="testClass" value="Backstage.admin.ReportManagement"/>
                <label name="testMethod" value="waterBreakAgentTotal"/>
                <label name="story" value="总代理报表"/>
                <label name="feature" value="报表管理"/>
                <label name="host" value="DESKTOP-APMUM9I"/>
                <label name="thread" value="6296@DESKTOP-APMUM9I.main(1)"/>
            </labels>
        </test-case>
        <test-case start="1571727740742" stop="1571727745122" status="passed">
            <name>oddsMoneyAgentTotal</name>
            <title>验证总代理报表代理赔率金额</title>
            <steps/>
            <attachments/>
            <labels>
                <label name="testSuite" value="Default Suite"/>
                <label name="testGroup" value="webdriverCpTest"/>
                <label name="testClass" value="Backstage.admin.ReportManagement"/>
                <label name="testMethod" value="oddsMoneyAgentTotal"/>
                <label name="story" value="总代理报表"/>
                <label name="feature" value="报表管理"/>
                <label name="host" value="DESKTOP-APMUM9I"/>
                <label name="thread" value="6296@DESKTOP-APMUM9I.main(1)"/>
            </labels>
        </test-case>
        <test-case start="1571727745124" stop="1571727749496" status="failed">
            <name>loseWinAgentTotal</name>
            <title>验证总代理报表会员输赢(不包括退水)金额</title>
            <failure>
                <message>AssertionError: expected [true] but found [false]</message>
                <stack-trace>java.lang.AssertionError: expected [true] but found [false]
	at org.testng.Assert.fail(Assert.java:94)
	at org.testng.Assert.failNotEquals(Assert.java:496)
	at org.testng.Assert.assertTrue(Assert.java:42)
	at org.testng.Assert.assertTrue(Assert.java:52)
	at Backstage.admin.ReportManagement.loseWinAgentTotal(ReportManagement.java:268)
	at sun.reflect.NativeMethodAccessorImpl.invoke0(Native Method)
	at sun.reflect.NativeMethodAccessorImpl.invoke(NativeMethodAccessorImpl.java:62)
	at sun.reflect.DelegatingMethodAccessorImpl.invoke(DelegatingMethodAccessorImpl.java:43)
	at java.lang.reflect.Method.invoke(Method.java:498)
	at org.testng.internal.MethodInvocationHelper.invokeMethod(MethodInvocationHelper.java:85)
	at org.testng.internal.Invoker.invokeMethod(Invoker.java:639)
	at org.testng.internal.Invoker.invokeTestMethod(Invoker.java:816)
	at org.testng.internal.Invoker.invokeTestMethods(Invoker.java:1124)
	at org.testng.internal.TestMethodWorker.invokeTestMethods(TestMethodWorker.java:125)
	at org.testng.internal.TestMethodWorker.run(TestMethodWorker.java:108)
	at org.testng.TestRunner.privateRun(TestRunner.java:774)
	at org.testng.TestRunner.run(TestRunner.java:624)
	at org.testng.SuiteRunner.runTest(SuiteRunner.java:359)
	at org.testng.SuiteRunner.runSequentially(SuiteRunner.java:354)
	at org.testng.SuiteRunner.privateRun(SuiteRunner.java:312)
	at org.testng.SuiteRunner.run(SuiteRunner.java:261)
	at org.testng.SuiteRunnerWorker.runSuite(SuiteRunnerWorker.java:52)
	at org.testng.SuiteRunnerWorker.run(SuiteRunnerWorker.java:86)
	at org.testng.TestNG.runSuitesSequentially(TestNG.java:1191)
	at org.testng.TestNG.runSuitesLocally(TestNG.java:1116)
	at org.testng.TestNG.run(TestNG.java:1024)
	at org.testng.IDEARemoteTestNG.run(IDEARemoteTestNG.java:73)
	at org.testng.RemoteTestNGStarter.main(RemoteTestNGStarter.java:123)
</stack-trace>
            </failure>
            <steps/>
            <attachments/>
            <labels>
                <label name="testSuite" value="Default Suite"/>
                <label name="testGroup" value="webdriverCpTest"/>
                <label name="testClass" value="Backstage.admin.ReportManagement"/>
                <label name="testMethod" value="loseWinAgentTotal"/>
                <label name="story" value="总代理报表"/>
                <label name="feature" value="报表管理"/>
                <label name="host" value="DESKTOP-APMUM9I"/>
                <label name="thread" value="6296@DESKTOP-APMUM9I.main(1)"/>
            </labels>
        </test-case>
        <test-case start="1571727749498" stop="1571727753875" status="passed">
            <name>waterBreakPracticeAgentTotal</name>
            <title>验证总代理报表实际退水金额</title>
            <steps/>
            <attachments/>
            <labels>
                <label name="testSuite" value="Default Suite"/>
                <label name="testGroup" value="webdriverCpTest"/>
                <label name="testClass" value="Backstage.admin.ReportManagement"/>
                <label name="testMethod" value="waterBreakPracticeAgentTotal"/>
                <label name="story" value="总代理报表"/>
                <label name="feature" value="报表管理"/>
                <label name="host" value="DESKTOP-APMUM9I"/>
                <label name="thread" value="6296@DESKTOP-APMUM9I.main(1)"/>
            </labels>
        </test-case>
        <test-case start="1571727753877" stop="1571727758249" status="failed">
            <name>loseWinAndWaterAgentTotal</name>
            <title>验证总代理报表实际退水金额</title>
            <failure>
                <message>AssertionError: expected [true] but found [false]</message>
                <stack-trace>java.lang.AssertionError: expected [true] but found [false]
	at org.testng.Assert.fail(Assert.java:94)
	at org.testng.Assert.failNotEquals(Assert.java:496)
	at org.testng.Assert.assertTrue(Assert.java:42)
	at org.testng.Assert.assertTrue(Assert.java:52)
	at Backstage.admin.ReportManagement.loseWinAndWaterAgentTotal(ReportManagement.java:330)
	at sun.reflect.NativeMethodAccessorImpl.invoke0(Native Method)
	at sun.reflect.NativeMethodAccessorImpl.invoke(NativeMethodAccessorImpl.java:62)
	at sun.reflect.DelegatingMethodAccessorImpl.invoke(DelegatingMethodAccessorImpl.java:43)
	at java.lang.reflect.Method.invoke(Method.java:498)
	at org.testng.internal.MethodInvocationHelper.invokeMethod(MethodInvocationHelper.java:85)
	at org.testng.internal.Invoker.invokeMethod(Invoker.java:639)
	at org.testng.internal.Invoker.invokeTestMethod(Invoker.java:816)
	at org.testng.internal.Invoker.invokeTestMethods(Invoker.java:1124)
	at org.testng.internal.TestMethodWorker.invokeTestMethods(TestMethodWorker.java:125)
	at org.testng.internal.TestMethodWorker.run(TestMethodWorker.java:108)
	at org.testng.TestRunner.privateRun(TestRunner.java:774)
	at org.testng.TestRunner.run(TestRunner.java:624)
	at org.testng.SuiteRunner.runTest(SuiteRunner.java:359)
	at org.testng.SuiteRunner.runSequentially(SuiteRunner.java:354)
	at org.testng.SuiteRunner.privateRun(SuiteRunner.java:312)
	at org.testng.SuiteRunner.run(SuiteRunner.java:261)
	at org.testng.SuiteRunnerWorker.runSuite(SuiteRunnerWorker.java:52)
	at org.testng.SuiteRunnerWorker.run(SuiteRunnerWorker.java:86)
	at org.testng.TestNG.runSuitesSequentially(TestNG.java:1191)
	at org.testng.TestNG.runSuitesLocally(TestNG.java:1116)
	at org.testng.TestNG.run(TestNG.java:1024)
	at org.testng.IDEARemoteTestNG.run(IDEARemoteTestNG.java:73)
	at org.testng.RemoteTestNGStarter.main(RemoteTestNGStarter.java:123)
</stack-trace>
            </failure>
            <steps/>
            <attachments/>
            <labels>
                <label name="testSuite" value="Default Suite"/>
                <label name="testGroup" value="webdriverCpTest"/>
                <label name="testClass" value="Backstage.admin.ReportManagement"/>
                <label name="testMethod" value="loseWinAndWaterAgentTotal"/>
                <label name="story" value="总代理报表"/>
                <label name="feature" value="报表管理"/>
                <label name="host" value="DESKTOP-APMUM9I"/>
                <label name="thread" value="6296@DESKTOP-APMUM9I.main(1)"/>
            </labels>
        </test-case>
    </test-cases>
    <labels>
        <label name="framework" value="TestNG"/>
        <label name="language" value="JAVA"/>
    </labels>
</ns2:test-suite>
