<?xml version="1.0" encoding="UTF-8" standalone="yes"?>
<ns2:test-suite start="1556609890195" stop="1556610183025" version="1.5.2" xmlns:ns2="urn:model.allure.qatools.yandex.ru">
    <name>All Test Suite : 平台管理员</name>
    <title>All Test Suite : 平台管理员</title>
    <test-cases>
        <test-case start="1556609890214" stop="1556609890218" status="pending">
            <name>totalCommission</name>
            <title>验证佣金总计与现金推广代理-所有商户总佣金</title>
            <failure>
                <message>Test not implemented yet</message>
                <stack-trace>There are no stack trace</stack-trace>
            </failure>
            <steps/>
            <attachments/>
            <labels>
                <label name="story" value="首页"/>
                <label name="feature" value="平台管理员"/>
                <label name="host" value="DESKTOP-NDF1E9V"/>
                <label name="thread" value="4756@DESKTOP-NDF1E9V.main(1)"/>
            </labels>
        </test-case>
        <test-case start="1556609901370" stop="1556609904726" status="passed">
            <name>serviceIncomeToday</name>
            <title>验证今日服务费收入与下级服务费统计-我的服务费总计金额数据</title>
            <steps/>
            <attachments/>
            <labels>
                <label name="testSuite" value="All Test Suite"/>
                <label name="testGroup" value="平台管理员"/>
                <label name="testClass" value="Admin.AdminHomeTestCase"/>
                <label name="testMethod" value="serviceIncomeToday"/>
                <label name="story" value="首页"/>
                <label name="feature" value="平台管理员"/>
                <label name="host" value="DESKTOP-NDF1E9V"/>
                <label name="thread" value="4756@DESKTOP-NDF1E9V.main(1)"/>
            </labels>
        </test-case>
        <test-case start="1556609904731" stop="1556609911577" status="passed">
            <name>sinceBusinessOperationsTotalArrears</name>
            <title>验证服务费收入总计与下级服务费统计的生成服务费总计金额数据</title>
            <steps/>
            <attachments/>
            <labels>
                <label name="testSuite" value="All Test Suite"/>
                <label name="testGroup" value="平台管理员"/>
                <label name="testClass" value="Admin.AdminHomeTestCase"/>
                <label name="testMethod" value="sinceBusinessOperationsTotalArrears"/>
                <label name="story" value="首页"/>
                <label name="feature" value="平台管理员"/>
                <label name="host" value="DESKTOP-NDF1E9V"/>
                <label name="thread" value="4756@DESKTOP-NDF1E9V.main(1)"/>
            </labels>
        </test-case>
        <test-case start="1556609911580" stop="1556609918254" status="passed">
            <name>playerNumber</name>
            <title>验证今日新增玩家与留存统计今日注册玩家数量是否一致</title>
            <steps/>
            <attachments/>
            <labels>
                <label name="testSuite" value="All Test Suite"/>
                <label name="testGroup" value="平台管理员"/>
                <label name="testClass" value="Admin.AdminHomeTestCase"/>
                <label name="testMethod" value="playerNumber"/>
                <label name="story" value="首页"/>
                <label name="feature" value="平台管理员"/>
                <label name="host" value="DESKTOP-NDF1E9V"/>
                <label name="thread" value="4756@DESKTOP-NDF1E9V.main(1)"/>
            </labels>
        </test-case>
        <test-case start="1556609918257" stop="1556609924867" status="passed">
            <name>systemWinOrLose</name>
            <title>验证今日系统输赢与玩家输赢金额是否一致</title>
            <steps/>
            <attachments/>
            <labels>
                <label name="testSuite" value="All Test Suite"/>
                <label name="testGroup" value="平台管理员"/>
                <label name="testClass" value="Admin.AdminHomeTestCase"/>
                <label name="testMethod" value="systemWinOrLose"/>
                <label name="story" value="首页"/>
                <label name="feature" value="平台管理员"/>
                <label name="host" value="DESKTOP-NDF1E9V"/>
                <label name="thread" value="4756@DESKTOP-NDF1E9V.main(1)"/>
            </labels>
        </test-case>
        <test-case start="1556609924869" stop="1556609931462" status="passed">
            <name>todayCommission</name>
            <title>验证今日佣金与下级经营明细-商户今日佣金金额数据</title>
            <steps/>
            <attachments/>
            <labels>
                <label name="testSuite" value="All Test Suite"/>
                <label name="testGroup" value="平台管理员"/>
                <label name="testClass" value="Admin.AdminHomeTestCase"/>
                <label name="testMethod" value="todayCommission"/>
                <label name="story" value="首页"/>
                <label name="feature" value="平台管理员"/>
                <label name="host" value="DESKTOP-NDF1E9V"/>
                <label name="thread" value="4756@DESKTOP-NDF1E9V.main(1)"/>
            </labels>
        </test-case>
        <test-case start="1556609931465" stop="1556609938222" status="passed">
            <name>rechargeMoneyToday</name>
            <title>验证今日充值金额是否等于现金充值记录的在线充值金额+人工充值金额</title>
            <steps/>
            <attachments/>
            <labels>
                <label name="testSuite" value="All Test Suite"/>
                <label name="testGroup" value="平台管理员"/>
                <label name="testClass" value="Admin.AdminHomeTestCase"/>
                <label name="testMethod" value="rechargeMoneyToday"/>
                <label name="story" value="首页"/>
                <label name="feature" value="平台管理员"/>
                <label name="host" value="DESKTOP-NDF1E9V"/>
                <label name="thread" value="4756@DESKTOP-NDF1E9V.main(1)"/>
            </labels>
        </test-case>
        <test-case start="1556609938227" stop="1556609945062" status="passed">
            <name>withdrawMoneyToday</name>
            <title>验证今日提现金额是否等于现金充值记录的在线提现金额</title>
            <steps/>
            <attachments/>
            <labels>
                <label name="testSuite" value="All Test Suite"/>
                <label name="testGroup" value="平台管理员"/>
                <label name="testClass" value="Admin.AdminHomeTestCase"/>
                <label name="testMethod" value="withdrawMoneyToday"/>
                <label name="story" value="首页"/>
                <label name="feature" value="平台管理员"/>
                <label name="host" value="DESKTOP-NDF1E9V"/>
                <label name="thread" value="4756@DESKTOP-NDF1E9V.main(1)"/>
            </labels>
        </test-case>
        <test-case start="1556609945064" stop="1556609951751" status="passed">
            <name>waitRechargeCommission</name>
            <title>验证商户详情待提现佣金金额</title>
            <steps/>
            <attachments/>
            <labels>
                <label name="testSuite" value="All Test Suite"/>
                <label name="testGroup" value="平台管理员"/>
                <label name="testClass" value="Admin.AdminHomeTestCase"/>
                <label name="testMethod" value="waitRechargeCommission"/>
                <label name="story" value="首页"/>
                <label name="feature" value="平台管理员"/>
                <label name="host" value="DESKTOP-NDF1E9V"/>
                <label name="thread" value="4756@DESKTOP-NDF1E9V.main(1)"/>
            </labels>
        </test-case>
        <test-case start="1556609951754" stop="1556609960696" status="passed">
            <name>playerNumberDetail</name>
            <title>验证详情现金商户玩家人数与代理管理，下级经营明细玩家数量</title>
            <steps/>
            <attachments/>
            <labels>
                <label name="testSuite" value="All Test Suite"/>
                <label name="testGroup" value="平台管理员"/>
                <label name="testClass" value="Admin.AdminHomeTestCase"/>
                <label name="testMethod" value="playerNumberDetail"/>
                <label name="story" value="首页"/>
                <label name="feature" value="平台管理员"/>
                <label name="host" value="DESKTOP-NDF1E9V"/>
                <label name="thread" value="4756@DESKTOP-NDF1E9V.main(1)"/>
            </labels>
        </test-case>
        <test-case start="1556609960700" stop="1556609967114" status="failed">
            <name>BusinessPlayerTotal</name>
            <title>验证推广玩家总数</title>
            <failure>
                <message>AssertionError: expected [true] but found [false]</message>
                <stack-trace>java.lang.AssertionError: expected [true] but found [false]
	at org.testng.Assert.fail(Assert.java:94)
	at org.testng.Assert.failNotEquals(Assert.java:496)
	at org.testng.Assert.assertTrue(Assert.java:42)
	at org.testng.Assert.assertTrue(Assert.java:52)
	at Admin.BusinessDetailCashTestCase.BusinessPlayerTotal(BusinessDetailCashTestCase.java:66)
	at sun.reflect.NativeMethodAccessorImpl.invoke0(Native Method)
	at sun.reflect.NativeMethodAccessorImpl.invoke(NativeMethodAccessorImpl.java:62)
	at sun.reflect.DelegatingMethodAccessorImpl.invoke(DelegatingMethodAccessorImpl.java:43)
	at java.lang.reflect.Method.invoke(Method.java:498)
	at org.testng.internal.MethodInvocationHelper.invokeMethod(MethodInvocationHelper.java:85)
	at org.testng.internal.Invoker.invokeMethod(Invoker.java:639)
	at org.testng.internal.Invoker.invokeTestMethod(Invoker.java:816)
	at org.testng.internal.Invoker.invokeTestMethods(Invoker.java:1124)
	at org.testng.internal.TestMethodWorker.invokeTestMethods(TestMethodWorker.java:125)
	at org.testng.internal.TestMethodWorker.run(TestMethodWorker.java:108)
	at org.testng.TestRunner.privateRun(TestRunner.java:774)
	at org.testng.TestRunner.run(TestRunner.java:624)
	at org.testng.SuiteRunner.runTest(SuiteRunner.java:359)
	at org.testng.SuiteRunner.runSequentially(SuiteRunner.java:354)
	at org.testng.SuiteRunner.privateRun(SuiteRunner.java:312)
	at org.testng.SuiteRunner.run(SuiteRunner.java:261)
	at org.testng.SuiteRunnerWorker.runSuite(SuiteRunnerWorker.java:52)
	at org.testng.SuiteRunnerWorker.run(SuiteRunnerWorker.java:86)
	at org.testng.TestNG.runSuitesSequentially(TestNG.java:1191)
	at org.testng.TestNG.runSuitesLocally(TestNG.java:1116)
	at org.testng.TestNG.run(TestNG.java:1024)
	at org.apache.maven.surefire.testng.TestNGExecutor.run(TestNGExecutor.java:283)
	at org.apache.maven.surefire.testng.TestNGXmlTestSuite.execute(TestNGXmlTestSuite.java:75)
	at org.apache.maven.surefire.testng.TestNGProvider.invoke(TestNGProvider.java:120)
	at org.apache.maven.surefire.booter.ForkedBooter.invokeProviderInSameClassLoader(ForkedBooter.java:386)
	at org.apache.maven.surefire.booter.ForkedBooter.runSuitesInProcess(ForkedBooter.java:323)
	at org.apache.maven.surefire.booter.ForkedBooter.main(ForkedBooter.java:143)
</stack-trace>
            </failure>
            <steps/>
            <attachments/>
            <labels>
                <label name="testSuite" value="All Test Suite"/>
                <label name="testGroup" value="平台管理员"/>
                <label name="testClass" value="Admin.BusinessDetailCashTestCase"/>
                <label name="testMethod" value="BusinessPlayerTotal"/>
                <label name="story" value="现金商户详情"/>
                <label name="feature" value="平台管理员"/>
                <label name="host" value="DESKTOP-NDF1E9V"/>
                <label name="thread" value="4756@DESKTOP-NDF1E9V.main(1)"/>
            </labels>
        </test-case>
        <test-case start="1556609967116" stop="1556609972820" status="passed">
            <name>ImmediateLowerNumber</name>
            <title>验证直属下级人数</title>
            <steps/>
            <attachments/>
            <labels>
                <label name="testSuite" value="All Test Suite"/>
                <label name="testGroup" value="平台管理员"/>
                <label name="testClass" value="Admin.BusinessDetailCashTestCase"/>
                <label name="testMethod" value="ImmediateLowerNumber"/>
                <label name="story" value="现金商户详情"/>
                <label name="feature" value="平台管理员"/>
                <label name="host" value="DESKTOP-NDF1E9V"/>
                <label name="thread" value="4756@DESKTOP-NDF1E9V.main(1)"/>
            </labels>
        </test-case>
        <test-case start="1556609972822" stop="1556609978017" status="broken">
            <name>taxTotal</name>
            <title>验证现金代理商户税收总计金额等于下级经营明细税收减去今日税收</title>
            <failure>
                <message>NullPointerException: null</message>
                <stack-trace>java.lang.NullPointerException
	at java.math.BigDecimal.add(BigDecimal.java:1288)
	at Admin.BusinessDetailCashTestCase.taxTotal(BusinessDetailCashTestCase.java:145)
	at sun.reflect.NativeMethodAccessorImpl.invoke0(Native Method)
	at sun.reflect.NativeMethodAccessorImpl.invoke(NativeMethodAccessorImpl.java:62)
	at sun.reflect.DelegatingMethodAccessorImpl.invoke(DelegatingMethodAccessorImpl.java:43)
	at java.lang.reflect.Method.invoke(Method.java:498)
	at org.testng.internal.MethodInvocationHelper.invokeMethod(MethodInvocationHelper.java:85)
	at org.testng.internal.Invoker.invokeMethod(Invoker.java:639)
	at org.testng.internal.Invoker.invokeTestMethod(Invoker.java:816)
	at org.testng.internal.Invoker.invokeTestMethods(Invoker.java:1124)
	at org.testng.internal.TestMethodWorker.invokeTestMethods(TestMethodWorker.java:125)
	at org.testng.internal.TestMethodWorker.run(TestMethodWorker.java:108)
	at org.testng.TestRunner.privateRun(TestRunner.java:774)
	at org.testng.TestRunner.run(TestRunner.java:624)
	at org.testng.SuiteRunner.runTest(SuiteRunner.java:359)
	at org.testng.SuiteRunner.runSequentially(SuiteRunner.java:354)
	at org.testng.SuiteRunner.privateRun(SuiteRunner.java:312)
	at org.testng.SuiteRunner.run(SuiteRunner.java:261)
	at org.testng.SuiteRunnerWorker.runSuite(SuiteRunnerWorker.java:52)
	at org.testng.SuiteRunnerWorker.run(SuiteRunnerWorker.java:86)
	at org.testng.TestNG.runSuitesSequentially(TestNG.java:1191)
	at org.testng.TestNG.runSuitesLocally(TestNG.java:1116)
	at org.testng.TestNG.run(TestNG.java:1024)
	at org.apache.maven.surefire.testng.TestNGExecutor.run(TestNGExecutor.java:283)
	at org.apache.maven.surefire.testng.TestNGXmlTestSuite.execute(TestNGXmlTestSuite.java:75)
	at org.apache.maven.surefire.testng.TestNGProvider.invoke(TestNGProvider.java:120)
	at org.apache.maven.surefire.booter.ForkedBooter.invokeProviderInSameClassLoader(ForkedBooter.java:386)
	at org.apache.maven.surefire.booter.ForkedBooter.runSuitesInProcess(ForkedBooter.java:323)
	at org.apache.maven.surefire.booter.ForkedBooter.main(ForkedBooter.java:143)
</stack-trace>
            </failure>
            <steps/>
            <attachments/>
            <labels>
                <label name="testSuite" value="All Test Suite"/>
                <label name="testGroup" value="平台管理员"/>
                <label name="testClass" value="Admin.BusinessDetailCashTestCase"/>
                <label name="testMethod" value="taxTotal"/>
                <label name="story" value="现金商户详情"/>
                <label name="feature" value="平台管理员"/>
                <label name="host" value="DESKTOP-NDF1E9V"/>
                <label name="thread" value="4756@DESKTOP-NDF1E9V.main(1)"/>
            </labels>
        </test-case>
        <test-case start="1556609978019" stop="1556609987390" status="failed">
            <name>BusinessCommissionTotal</name>
            <title>验证现金代理商户佣金总计金额等于下级经营明细佣金减去今日佣金</title>
            <failure>
                <message>AssertionError: expected [true] but found [false]</message>
                <stack-trace>java.lang.AssertionError: expected [true] but found [false]
	at org.testng.Assert.fail(Assert.java:94)
	at org.testng.Assert.failNotEquals(Assert.java:496)
	at org.testng.Assert.assertTrue(Assert.java:42)
	at org.testng.Assert.assertTrue(Assert.java:52)
	at Admin.BusinessDetailCashTestCase.BusinessCommissionTotal(BusinessDetailCashTestCase.java:206)
	at sun.reflect.NativeMethodAccessorImpl.invoke0(Native Method)
	at sun.reflect.NativeMethodAccessorImpl.invoke(NativeMethodAccessorImpl.java:62)
	at sun.reflect.DelegatingMethodAccessorImpl.invoke(DelegatingMethodAccessorImpl.java:43)
	at java.lang.reflect.Method.invoke(Method.java:498)
	at org.testng.internal.MethodInvocationHelper.invokeMethod(MethodInvocationHelper.java:85)
	at org.testng.internal.Invoker.invokeMethod(Invoker.java:639)
	at org.testng.internal.Invoker.invokeTestMethod(Invoker.java:816)
	at org.testng.internal.Invoker.invokeTestMethods(Invoker.java:1124)
	at org.testng.internal.TestMethodWorker.invokeTestMethods(TestMethodWorker.java:125)
	at org.testng.internal.TestMethodWorker.run(TestMethodWorker.java:108)
	at org.testng.TestRunner.privateRun(TestRunner.java:774)
	at org.testng.TestRunner.run(TestRunner.java:624)
	at org.testng.SuiteRunner.runTest(SuiteRunner.java:359)
	at org.testng.SuiteRunner.runSequentially(SuiteRunner.java:354)
	at org.testng.SuiteRunner.privateRun(SuiteRunner.java:312)
	at org.testng.SuiteRunner.run(SuiteRunner.java:261)
	at org.testng.SuiteRunnerWorker.runSuite(SuiteRunnerWorker.java:52)
	at org.testng.SuiteRunnerWorker.run(SuiteRunnerWorker.java:86)
	at org.testng.TestNG.runSuitesSequentially(TestNG.java:1191)
	at org.testng.TestNG.runSuitesLocally(TestNG.java:1116)
	at org.testng.TestNG.run(TestNG.java:1024)
	at org.apache.maven.surefire.testng.TestNGExecutor.run(TestNGExecutor.java:283)
	at org.apache.maven.surefire.testng.TestNGXmlTestSuite.execute(TestNGXmlTestSuite.java:75)
	at org.apache.maven.surefire.testng.TestNGProvider.invoke(TestNGProvider.java:120)
	at org.apache.maven.surefire.booter.ForkedBooter.invokeProviderInSameClassLoader(ForkedBooter.java:386)
	at org.apache.maven.surefire.booter.ForkedBooter.runSuitesInProcess(ForkedBooter.java:323)
	at org.apache.maven.surefire.booter.ForkedBooter.main(ForkedBooter.java:143)
</stack-trace>
            </failure>
            <steps/>
            <attachments/>
            <labels>
                <label name="testSuite" value="All Test Suite"/>
                <label name="testGroup" value="平台管理员"/>
                <label name="testClass" value="Admin.BusinessDetailCashTestCase"/>
                <label name="testMethod" value="BusinessCommissionTotal"/>
                <label name="story" value="现金商户详情"/>
                <label name="feature" value="平台管理员"/>
                <label name="host" value="DESKTOP-NDF1E9V"/>
                <label name="thread" value="4756@DESKTOP-NDF1E9V.main(1)"/>
            </labels>
        </test-case>
        <test-case start="1556609987392" stop="1556610004724" status="passed">
            <name>creditExplorerServiceHistoryTotal</name>
            <title>验证信用商户运营数据-历史服务费总计与下级服务费统计该商户的生成服务费总计金额一致</title>
            <steps/>
            <attachments/>
            <labels>
                <label name="testSuite" value="All Test Suite"/>
                <label name="testGroup" value="平台管理员"/>
                <label name="testClass" value="Admin.BusinessDetailCreditTestCase"/>
                <label name="testMethod" value="creditExplorerServiceHistoryTotal"/>
                <label name="story" value="信用代理详情"/>
                <label name="feature" value="平台管理员"/>
                <label name="host" value="DESKTOP-NDF1E9V"/>
                <label name="thread" value="4756@DESKTOP-NDF1E9V.main(1)"/>
            </labels>
        </test-case>
        <test-case start="1556610004726" stop="1556610021809" status="passed">
            <name>creditExplorerAccountBalance</name>
            <title>验证信用商户运营数据-服务费账户余额与下级服务费统计-当前账户余额是否一致</title>
            <steps/>
            <attachments/>
            <labels>
                <label name="testSuite" value="All Test Suite"/>
                <label name="testGroup" value="平台管理员"/>
                <label name="testClass" value="Admin.BusinessDetailCreditTestCase"/>
                <label name="testMethod" value="creditExplorerAccountBalance"/>
                <label name="story" value="信用代理详情"/>
                <label name="feature" value="平台管理员"/>
                <label name="host" value="DESKTOP-NDF1E9V"/>
                <label name="thread" value="4756@DESKTOP-NDF1E9V.main(1)"/>
            </labels>
        </test-case>
        <test-case start="1556610021811" stop="1556610041180" status="passed">
            <name>creditBusinessServiceHistoryTotal</name>
            <title>验证信用商务运营数据-历史服务费总计与下级服务费统计该商务的生成服务费总计金额一致</title>
            <steps/>
            <attachments/>
            <labels>
                <label name="testSuite" value="All Test Suite"/>
                <label name="testGroup" value="平台管理员"/>
                <label name="testClass" value="Admin.BusinessDetailCreditTestCase"/>
                <label name="testMethod" value="creditBusinessServiceHistoryTotal"/>
                <label name="story" value="信用代理详情"/>
                <label name="feature" value="平台管理员"/>
                <label name="host" value="DESKTOP-NDF1E9V"/>
                <label name="thread" value="4756@DESKTOP-NDF1E9V.main(1)"/>
            </labels>
        </test-case>
        <test-case start="1556610041182" stop="1556610060309" status="passed">
            <name>creditBusinessServiceAccountBalance</name>
            <title>验证信用商务运营数据-服务费账户余额与下级服务费统计-当前账户余额是否一致</title>
            <steps/>
            <attachments/>
            <labels>
                <label name="testSuite" value="All Test Suite"/>
                <label name="testGroup" value="平台管理员"/>
                <label name="testClass" value="Admin.BusinessDetailCreditTestCase"/>
                <label name="testMethod" value="creditBusinessServiceAccountBalance"/>
                <label name="story" value="信用代理详情"/>
                <label name="feature" value="平台管理员"/>
                <label name="host" value="DESKTOP-NDF1E9V"/>
                <label name="thread" value="4756@DESKTOP-NDF1E9V.main(1)"/>
            </labels>
        </test-case>
        <test-case start="1556610060311" stop="1556610079597" status="passed">
            <name>creditAgentServiceHistoryTotal</name>
            <title>验证信用代理运营数据-历史服务费总计与下级服务费的生成服务费总计是否一致</title>
            <steps/>
            <attachments/>
            <labels>
                <label name="testSuite" value="All Test Suite"/>
                <label name="testGroup" value="平台管理员"/>
                <label name="testClass" value="Admin.BusinessDetailCreditTestCase"/>
                <label name="testMethod" value="creditAgentServiceHistoryTotal"/>
                <label name="story" value="信用代理详情"/>
                <label name="feature" value="平台管理员"/>
                <label name="host" value="DESKTOP-NDF1E9V"/>
                <label name="thread" value="4756@DESKTOP-NDF1E9V.main(1)"/>
            </labels>
        </test-case>
        <test-case start="1556610079599" stop="1556610098839" status="passed">
            <name>creditAgentServiceAccountBalance</name>
            <title>验证信用代理运营数据-信用代理服务费账户余额与下级服务费的当前账户余额是否一致</title>
            <steps/>
            <attachments/>
            <labels>
                <label name="testSuite" value="All Test Suite"/>
                <label name="testGroup" value="平台管理员"/>
                <label name="testClass" value="Admin.BusinessDetailCreditTestCase"/>
                <label name="testMethod" value="creditAgentServiceAccountBalance"/>
                <label name="story" value="信用代理详情"/>
                <label name="feature" value="平台管理员"/>
                <label name="host" value="DESKTOP-NDF1E9V"/>
                <label name="thread" value="4756@DESKTOP-NDF1E9V.main(1)"/>
            </labels>
        </test-case>
        <test-case start="1556610098841" stop="1556610104379" status="passed">
            <name>loginNumber</name>
            <title>验证登录人数是否等于留存登录人数数据</title>
            <steps/>
            <attachments/>
            <labels>
                <label name="testSuite" value="All Test Suite"/>
                <label name="testGroup" value="平台管理员"/>
                <label name="testClass" value="Admin.ModeComplexStatisticsCashTestCase"/>
                <label name="testMethod" value="loginNumber"/>
                <label name="story" value="现金模式综合统计"/>
                <label name="feature" value="平台管理员"/>
                <label name="host" value="DESKTOP-NDF1E9V"/>
                <label name="thread" value="4756@DESKTOP-NDF1E9V.main(1)"/>
            </labels>
        </test-case>
        <test-case start="1556610104381" stop="1556610110300" status="passed">
            <name>registeredNumber</name>
            <title>验证注册人数是否等于现金留存数据</title>
            <steps/>
            <attachments/>
            <labels>
                <label name="testSuite" value="All Test Suite"/>
                <label name="testGroup" value="平台管理员"/>
                <label name="testClass" value="Admin.ModeComplexStatisticsCashTestCase"/>
                <label name="testMethod" value="registeredNumber"/>
                <label name="story" value="现金模式综合统计"/>
                <label name="feature" value="平台管理员"/>
                <label name="host" value="DESKTOP-NDF1E9V"/>
                <label name="thread" value="4756@DESKTOP-NDF1E9V.main(1)"/>
            </labels>
        </test-case>
        <test-case start="1556610110301" stop="1556610117262" status="passed">
            <name>rechargeTotalToday</name>
            <title>验证今日总充值金额数据是否等于现金充值记录今日充值金额</title>
            <steps/>
            <attachments/>
            <labels>
                <label name="testSuite" value="All Test Suite"/>
                <label name="testGroup" value="平台管理员"/>
                <label name="testClass" value="Admin.ModeComplexStatisticsCashTestCase"/>
                <label name="testMethod" value="rechargeTotalToday"/>
                <label name="story" value="现金模式综合统计"/>
                <label name="feature" value="平台管理员"/>
                <label name="host" value="DESKTOP-NDF1E9V"/>
                <label name="thread" value="4756@DESKTOP-NDF1E9V.main(1)"/>
            </labels>
        </test-case>
        <test-case start="1556610117263" stop="1556610124236" status="passed">
            <name>rechargeNumberTotal</name>
            <title>验证今日充值人数是否等于总充人数</title>
            <steps/>
            <attachments/>
            <labels>
                <label name="testSuite" value="All Test Suite"/>
                <label name="testGroup" value="平台管理员"/>
                <label name="testClass" value="Admin.ModeComplexStatisticsCashTestCase"/>
                <label name="testMethod" value="rechargeNumberTotal"/>
                <label name="story" value="现金模式综合统计"/>
                <label name="feature" value="平台管理员"/>
                <label name="host" value="DESKTOP-NDF1E9V"/>
                <label name="thread" value="4756@DESKTOP-NDF1E9V.main(1)"/>
            </labels>
        </test-case>
        <test-case start="1556610124237" stop="1556610130210" status="passed">
            <name>newRechargeMoney</name>
            <title>盐验证新充金额和人数</title>
            <steps/>
            <attachments/>
            <labels>
                <label name="testSuite" value="All Test Suite"/>
                <label name="testGroup" value="平台管理员"/>
                <label name="testClass" value="Admin.ModeComplexStatisticsCashTestCase"/>
                <label name="testMethod" value="newRechargeMoney"/>
                <label name="story" value="现金模式综合统计"/>
                <label name="feature" value="平台管理员"/>
                <label name="host" value="DESKTOP-NDF1E9V"/>
                <label name="thread" value="4756@DESKTOP-NDF1E9V.main(1)"/>
            </labels>
        </test-case>
        <test-case start="1556610130212" stop="1556610135790" status="passed">
            <name>registeredNumber</name>
            <title>验证当日注册人数数量</title>
            <steps/>
            <attachments/>
            <labels>
                <label name="testSuite" value="All Test Suite"/>
                <label name="testGroup" value="平台管理员"/>
                <label name="testClass" value="Admin.ModeComplexStatisticsCreditTestCase"/>
                <label name="testMethod" value="registeredNumber"/>
                <label name="story" value="信用模式综合统计"/>
                <label name="feature" value="平台管理员"/>
                <label name="host" value="DESKTOP-NDF1E9V"/>
                <label name="thread" value="4756@DESKTOP-NDF1E9V.main(1)"/>
            </labels>
        </test-case>
        <test-case start="1556610135792" stop="1556610141500" status="passed">
            <name>loginNumber</name>
            <title>验证登录人数数据</title>
            <steps/>
            <attachments/>
            <labels>
                <label name="testSuite" value="All Test Suite"/>
                <label name="testGroup" value="平台管理员"/>
                <label name="testClass" value="Admin.ModeComplexStatisticsCreditTestCase"/>
                <label name="testMethod" value="loginNumber"/>
                <label name="story" value="信用模式综合统计"/>
                <label name="feature" value="平台管理员"/>
                <label name="host" value="DESKTOP-NDF1E9V"/>
                <label name="thread" value="4756@DESKTOP-NDF1E9V.main(1)"/>
            </labels>
        </test-case>
        <test-case start="1556610141502" stop="1556610147085" status="passed">
            <name>Bet</name>
            <title>验证投注额是否等于信用模式游戏输赢统计投注额</title>
            <steps/>
            <attachments/>
            <labels>
                <label name="testSuite" value="All Test Suite"/>
                <label name="testGroup" value="平台管理员"/>
                <label name="testClass" value="Admin.ModeComplexStatisticsCreditTestCase"/>
                <label name="testMethod" value="Bet"/>
                <label name="story" value="信用模式综合统计"/>
                <label name="feature" value="平台管理员"/>
                <label name="host" value="DESKTOP-NDF1E9V"/>
                <label name="thread" value="4756@DESKTOP-NDF1E9V.main(1)"/>
            </labels>
        </test-case>
        <test-case start="1556610147086" stop="1556610162914" status="broken">
            <name>serviceMoney</name>
            <title>验证服务费金额数据是否与下级服务费统计今日服务费金额一致</title>
            <failure>
                <message>NoSuchElementException: no such element: Unable to locate element: {"method":"xpath","selector":"//*[@id="root"]/section/section/main/div[2]/div[2]/div[2]/div[1]/div/div[2]/div[1]/div/div[1]/div[3]/span[2]"}
  (Session info: chrome=73.0.3683.103)
  (Driver info: chromedriver=2.45.615291 (ec3682e3c9061c10f26ea9e5cdcf3c53f3f74387),platform=Windows NT 10.0.17134 x86_64) (WARNING: The server did not provide any stacktrace information)
Command duration or timeout: 10.03 seconds
For documentation on this error, please visit: http://seleniumhq.org/exceptions/no_such_element.html
Build info: version: '3.0.0', revision: '350cf60', time: '2016-10-13 10:48:57 -0700'
System info: host: 'DESKTOP-NDF1E9V', ip: '192.168.1.252', os.name: 'Windows 10', os.arch: 'amd64', os.version: '10.0', java.version: '1.8.0_191'
Driver info: org.openqa.selenium.chrome.ChromeDriver
Capabilities [{mobileEmulationEnabled=false, timeouts={implicit=0, pageLoad=300000, script=30000}, hasTouchScreen=false, platform=XP, acceptSslCerts=false, goog:chromeOptions={debuggerAddress=localhost:45467}, acceptInsecureCerts=false, webStorageEnabled=true, browserName=chrome, takesScreenshot=true, javascriptEnabled=true, setWindowRect=true, unexpectedAlertBehaviour=ignore, applicationCacheEnabled=false, rotatable=false, networkConnectionEnabled=false, chrome={chromedriverVersion=2.45.615291 (ec3682e3c9061c10f26ea9e5cdcf3c53f3f74387), userDataDir=C:\Users\jtc\AppData\Local\Temp\scoped_dir19236_10744}, takesHeapSnapshot=true, pageLoadStrategy=normal, strictFileInteractability=false, databaseEnabled=false, handlesAlerts=true, version=73.0.3683.103, browserConnectionEnabled=false, proxy={}, nativeEvents=true, locationContextEnabled=true, cssSelectorsEnabled=true}]
Session ID: 334babe5040e01d5576e9b6b374d0157
*** Element info: {Using=xpath, value=//*[@id="root"]/section/section/main/div[2]/div[2]/div[2]/div[1]/div/div[2]/div[1]/div/div[1]/div[3]/span[2]}</message>
                <stack-trace>org.openqa.selenium.NoSuchElementException: no such element: Unable to locate element: {"method":"xpath","selector":"//*[@id="root"]/section/section/main/div[2]/div[2]/div[2]/div[1]/div/div[2]/div[1]/div/div[1]/div[3]/span[2]"}
  (Session info: chrome=73.0.3683.103)
  (Driver info: chromedriver=2.45.615291 (ec3682e3c9061c10f26ea9e5cdcf3c53f3f74387),platform=Windows NT 10.0.17134 x86_64) (WARNING: The server did not provide any stacktrace information)
Command duration or timeout: 10.03 seconds
For documentation on this error, please visit: http://seleniumhq.org/exceptions/no_such_element.html
Build info: version: '3.0.0', revision: '350cf60', time: '2016-10-13 10:48:57 -0700'
System info: host: 'DESKTOP-NDF1E9V', ip: '192.168.1.252', os.name: 'Windows 10', os.arch: 'amd64', os.version: '10.0', java.version: '1.8.0_191'
Driver info: org.openqa.selenium.chrome.ChromeDriver
Capabilities [{mobileEmulationEnabled=false, timeouts={implicit=0, pageLoad=300000, script=30000}, hasTouchScreen=false, platform=XP, acceptSslCerts=false, goog:chromeOptions={debuggerAddress=localhost:45467}, acceptInsecureCerts=false, webStorageEnabled=true, browserName=chrome, takesScreenshot=true, javascriptEnabled=true, setWindowRect=true, unexpectedAlertBehaviour=ignore, applicationCacheEnabled=false, rotatable=false, networkConnectionEnabled=false, chrome={chromedriverVersion=2.45.615291 (ec3682e3c9061c10f26ea9e5cdcf3c53f3f74387), userDataDir=C:\Users\jtc\AppData\Local\Temp\scoped_dir19236_10744}, takesHeapSnapshot=true, pageLoadStrategy=normal, strictFileInteractability=false, databaseEnabled=false, handlesAlerts=true, version=73.0.3683.103, browserConnectionEnabled=false, proxy={}, nativeEvents=true, locationContextEnabled=true, cssSelectorsEnabled=true}]
Session ID: 334babe5040e01d5576e9b6b374d0157
*** Element info: {Using=xpath, value=//*[@id="root"]/section/section/main/div[2]/div[2]/div[2]/div[1]/div/div[2]/div[1]/div/div[1]/div[3]/span[2]}
	at sun.reflect.NativeConstructorAccessorImpl.newInstance0(Native Method)
	at sun.reflect.NativeConstructorAccessorImpl.newInstance(NativeConstructorAccessorImpl.java:62)
	at sun.reflect.DelegatingConstructorAccessorImpl.newInstance(DelegatingConstructorAccessorImpl.java:45)
	at java.lang.reflect.Constructor.newInstance(Constructor.java:423)
	at org.openqa.selenium.remote.ErrorHandler.createThrowable(ErrorHandler.java:216)
	at org.openqa.selenium.remote.ErrorHandler.throwIfResponseFailed(ErrorHandler.java:168)
	at org.openqa.selenium.remote.RemoteWebDriver.execute(RemoteWebDriver.java:635)
	at org.openqa.selenium.remote.RemoteWebDriver.findElement(RemoteWebDriver.java:368)
	at org.openqa.selenium.remote.RemoteWebDriver.findElementByXPath(RemoteWebDriver.java:473)
	at org.openqa.selenium.By$ByXPath.findElement(By.java:361)
	at org.openqa.selenium.remote.RemoteWebDriver.findElement(RemoteWebDriver.java:360)
	at SeleniumMethod.WebDriverUtil.findElementByXpath(WebDriverUtil.java:155)
	at SeleniumMethod.WebDriverUtil.getTextByXpath(WebDriverUtil.java:412)
	at Admin.ModeComplexStatisticsCreditTestCase.serviceMoney(ModeComplexStatisticsCreditTestCase.java:182)
	at sun.reflect.NativeMethodAccessorImpl.invoke0(Native Method)
	at sun.reflect.NativeMethodAccessorImpl.invoke(NativeMethodAccessorImpl.java:62)
	at sun.reflect.DelegatingMethodAccessorImpl.invoke(DelegatingMethodAccessorImpl.java:43)
	at java.lang.reflect.Method.invoke(Method.java:498)
	at org.testng.internal.MethodInvocationHelper.invokeMethod(MethodInvocationHelper.java:85)
	at org.testng.internal.Invoker.invokeMethod(Invoker.java:639)
	at org.testng.internal.Invoker.invokeTestMethod(Invoker.java:816)
	at org.testng.internal.Invoker.invokeTestMethods(Invoker.java:1124)
	at org.testng.internal.TestMethodWorker.invokeTestMethods(TestMethodWorker.java:125)
	at org.testng.internal.TestMethodWorker.run(TestMethodWorker.java:108)
	at org.testng.TestRunner.privateRun(TestRunner.java:774)
	at org.testng.TestRunner.run(TestRunner.java:624)
	at org.testng.SuiteRunner.runTest(SuiteRunner.java:359)
	at org.testng.SuiteRunner.runSequentially(SuiteRunner.java:354)
	at org.testng.SuiteRunner.privateRun(SuiteRunner.java:312)
	at org.testng.SuiteRunner.run(SuiteRunner.java:261)
	at org.testng.SuiteRunnerWorker.runSuite(SuiteRunnerWorker.java:52)
	at org.testng.SuiteRunnerWorker.run(SuiteRunnerWorker.java:86)
	at org.testng.TestNG.runSuitesSequentially(TestNG.java:1191)
	at org.testng.TestNG.runSuitesLocally(TestNG.java:1116)
	at org.testng.TestNG.run(TestNG.java:1024)
	at org.apache.maven.surefire.testng.TestNGExecutor.run(TestNGExecutor.java:283)
	at org.apache.maven.surefire.testng.TestNGXmlTestSuite.execute(TestNGXmlTestSuite.java:75)
	at org.apache.maven.surefire.testng.TestNGProvider.invoke(TestNGProvider.java:120)
	at org.apache.maven.surefire.booter.ForkedBooter.invokeProviderInSameClassLoader(ForkedBooter.java:386)
	at org.apache.maven.surefire.booter.ForkedBooter.runSuitesInProcess(ForkedBooter.java:323)
	at org.apache.maven.surefire.booter.ForkedBooter.main(ForkedBooter.java:143)
</stack-trace>
            </failure>
            <steps/>
            <attachments/>
            <labels>
                <label name="testSuite" value="All Test Suite"/>
                <label name="testGroup" value="平台管理员"/>
                <label name="testClass" value="Admin.ModeComplexStatisticsCreditTestCase"/>
                <label name="testMethod" value="serviceMoney"/>
                <label name="story" value="信用模式综合统计"/>
                <label name="feature" value="平台管理员"/>
                <label name="host" value="DESKTOP-NDF1E9V"/>
                <label name="thread" value="4756@DESKTOP-NDF1E9V.main(1)"/>
            </labels>
        </test-case>
        <test-case start="1556610162915" stop="1556610180648" status="broken">
            <name>waitWithdrawCommission</name>
            <title>验证下级佣金结算记录变动前后金额计算和累计提款金额计算无误</title>
            <failure>
                <message>NoSuchElementException: no such element: Unable to locate element: {"method":"xpath","selector":"/html/body/div[4]/div/div[2]/div[1]/div/form/div[3]/div/div/input"}
  (Session info: chrome=73.0.3683.103)
  (Driver info: chromedriver=2.45.615291 (ec3682e3c9061c10f26ea9e5cdcf3c53f3f74387),platform=Windows NT 10.0.17134 x86_64) (WARNING: The server did not provide any stacktrace information)
Command duration or timeout: 10.02 seconds
For documentation on this error, please visit: http://seleniumhq.org/exceptions/no_such_element.html
Build info: version: '3.0.0', revision: '350cf60', time: '2016-10-13 10:48:57 -0700'
System info: host: 'DESKTOP-NDF1E9V', ip: '192.168.137.1', os.name: 'Windows 10', os.arch: 'amd64', os.version: '10.0', java.version: '1.8.0_191'
Driver info: org.openqa.selenium.chrome.ChromeDriver
Capabilities [{mobileEmulationEnabled=false, timeouts={implicit=0, pageLoad=300000, script=30000}, hasTouchScreen=false, platform=XP, acceptSslCerts=false, goog:chromeOptions={debuggerAddress=localhost:45467}, acceptInsecureCerts=false, webStorageEnabled=true, browserName=chrome, takesScreenshot=true, javascriptEnabled=true, setWindowRect=true, unexpectedAlertBehaviour=ignore, applicationCacheEnabled=false, rotatable=false, networkConnectionEnabled=false, chrome={chromedriverVersion=2.45.615291 (ec3682e3c9061c10f26ea9e5cdcf3c53f3f74387), userDataDir=C:\Users\jtc\AppData\Local\Temp\scoped_dir19236_10744}, takesHeapSnapshot=true, pageLoadStrategy=normal, strictFileInteractability=false, databaseEnabled=false, handlesAlerts=true, version=73.0.3683.103, browserConnectionEnabled=false, proxy={}, nativeEvents=true, locationContextEnabled=true, cssSelectorsEnabled=true}]
Session ID: 334babe5040e01d5576e9b6b374d0157
*** Element info: {Using=xpath, value=/html/body/div[4]/div/div[2]/div[1]/div/form/div[3]/div/div/input}</message>
                <stack-trace>org.openqa.selenium.NoSuchElementException: no such element: Unable to locate element: {"method":"xpath","selector":"/html/body/div[4]/div/div[2]/div[1]/div/form/div[3]/div/div/input"}
  (Session info: chrome=73.0.3683.103)
  (Driver info: chromedriver=2.45.615291 (ec3682e3c9061c10f26ea9e5cdcf3c53f3f74387),platform=Windows NT 10.0.17134 x86_64) (WARNING: The server did not provide any stacktrace information)
Command duration or timeout: 10.02 seconds
For documentation on this error, please visit: http://seleniumhq.org/exceptions/no_such_element.html
Build info: version: '3.0.0', revision: '350cf60', time: '2016-10-13 10:48:57 -0700'
System info: host: 'DESKTOP-NDF1E9V', ip: '192.168.137.1', os.name: 'Windows 10', os.arch: 'amd64', os.version: '10.0', java.version: '1.8.0_191'
Driver info: org.openqa.selenium.chrome.ChromeDriver
Capabilities [{mobileEmulationEnabled=false, timeouts={implicit=0, pageLoad=300000, script=30000}, hasTouchScreen=false, platform=XP, acceptSslCerts=false, goog:chromeOptions={debuggerAddress=localhost:45467}, acceptInsecureCerts=false, webStorageEnabled=true, browserName=chrome, takesScreenshot=true, javascriptEnabled=true, setWindowRect=true, unexpectedAlertBehaviour=ignore, applicationCacheEnabled=false, rotatable=false, networkConnectionEnabled=false, chrome={chromedriverVersion=2.45.615291 (ec3682e3c9061c10f26ea9e5cdcf3c53f3f74387), userDataDir=C:\Users\jtc\AppData\Local\Temp\scoped_dir19236_10744}, takesHeapSnapshot=true, pageLoadStrategy=normal, strictFileInteractability=false, databaseEnabled=false, handlesAlerts=true, version=73.0.3683.103, browserConnectionEnabled=false, proxy={}, nativeEvents=true, locationContextEnabled=true, cssSelectorsEnabled=true}]
Session ID: 334babe5040e01d5576e9b6b374d0157
*** Element info: {Using=xpath, value=/html/body/div[4]/div/div[2]/div[1]/div/form/div[3]/div/div/input}
	at sun.reflect.NativeConstructorAccessorImpl.newInstance0(Native Method)
	at sun.reflect.NativeConstructorAccessorImpl.newInstance(NativeConstructorAccessorImpl.java:62)
	at sun.reflect.DelegatingConstructorAccessorImpl.newInstance(DelegatingConstructorAccessorImpl.java:45)
	at java.lang.reflect.Constructor.newInstance(Constructor.java:423)
	at org.openqa.selenium.remote.ErrorHandler.createThrowable(ErrorHandler.java:216)
	at org.openqa.selenium.remote.ErrorHandler.throwIfResponseFailed(ErrorHandler.java:168)
	at org.openqa.selenium.remote.RemoteWebDriver.execute(RemoteWebDriver.java:635)
	at org.openqa.selenium.remote.RemoteWebDriver.findElement(RemoteWebDriver.java:368)
	at org.openqa.selenium.remote.RemoteWebDriver.findElementByXPath(RemoteWebDriver.java:473)
	at org.openqa.selenium.By$ByXPath.findElement(By.java:361)
	at org.openqa.selenium.remote.RemoteWebDriver.findElement(RemoteWebDriver.java:360)
	at SeleniumMethod.WebDriverUtil.findElementByXpathAndClearSendkeys(WebDriverUtil.java:385)
	at Admin.LowerCommissionSettlementRecord.waitWithdrawCommission(LowerCommissionSettlementRecord.java:78)
	at sun.reflect.NativeMethodAccessorImpl.invoke0(Native Method)
	at sun.reflect.NativeMethodAccessorImpl.invoke(NativeMethodAccessorImpl.java:62)
	at sun.reflect.DelegatingMethodAccessorImpl.invoke(DelegatingMethodAccessorImpl.java:43)
	at java.lang.reflect.Method.invoke(Method.java:498)
	at org.testng.internal.MethodInvocationHelper.invokeMethod(MethodInvocationHelper.java:85)
	at org.testng.internal.Invoker.invokeMethod(Invoker.java:639)
	at org.testng.internal.Invoker.invokeTestMethod(Invoker.java:816)
	at org.testng.internal.Invoker.invokeTestMethods(Invoker.java:1124)
	at org.testng.internal.TestMethodWorker.invokeTestMethods(TestMethodWorker.java:125)
	at org.testng.internal.TestMethodWorker.run(TestMethodWorker.java:108)
	at org.testng.TestRunner.privateRun(TestRunner.java:774)
	at org.testng.TestRunner.run(TestRunner.java:624)
	at org.testng.SuiteRunner.runTest(SuiteRunner.java:359)
	at org.testng.SuiteRunner.runSequentially(SuiteRunner.java:354)
	at org.testng.SuiteRunner.privateRun(SuiteRunner.java:312)
	at org.testng.SuiteRunner.run(SuiteRunner.java:261)
	at org.testng.SuiteRunnerWorker.runSuite(SuiteRunnerWorker.java:52)
	at org.testng.SuiteRunnerWorker.run(SuiteRunnerWorker.java:86)
	at org.testng.TestNG.runSuitesSequentially(TestNG.java:1191)
	at org.testng.TestNG.runSuitesLocally(TestNG.java:1116)
	at org.testng.TestNG.run(TestNG.java:1024)
	at org.apache.maven.surefire.testng.TestNGExecutor.run(TestNGExecutor.java:283)
	at org.apache.maven.surefire.testng.TestNGXmlTestSuite.execute(TestNGXmlTestSuite.java:75)
	at org.apache.maven.surefire.testng.TestNGProvider.invoke(TestNGProvider.java:120)
	at org.apache.maven.surefire.booter.ForkedBooter.invokeProviderInSameClassLoader(ForkedBooter.java:386)
	at org.apache.maven.surefire.booter.ForkedBooter.runSuitesInProcess(ForkedBooter.java:323)
	at org.apache.maven.surefire.booter.ForkedBooter.main(ForkedBooter.java:143)
</stack-trace>
            </failure>
            <steps/>
            <attachments/>
            <labels>
                <label name="testSuite" value="All Test Suite"/>
                <label name="testGroup" value="平台管理员"/>
                <label name="testClass" value="Admin.LowerCommissionSettlementRecord"/>
                <label name="testMethod" value="waitWithdrawCommission"/>
                <label name="story" value="下级佣金结算记录"/>
                <label name="feature" value="平台管理员"/>
                <label name="host" value="DESKTOP-NDF1E9V"/>
                <label name="thread" value="4756@DESKTOP-NDF1E9V.main(1)"/>
            </labels>
        </test-case>
    </test-cases>
    <labels>
        <label name="framework" value="TestNG"/>
        <label name="language" value="JAVA"/>
    </labels>
</ns2:test-suite>
