<?xml version="1.0" encoding="UTF-8"?>
<!-- Generated by org.testng.reporters.JUnitXMLReporter -->
<testsuite hostname="DESKTOP-NDF1E9V" name="Admin" tests="28" failures="6" timestamp="13 Apr 2019 03:34:06 GMT" time="275.417" errors="0">
  <testcase name="serviceIncomeToday" time="3.317" classname="Admin.AdminHomeTestCase"/>
  <testcase name="sinceBusinessOperationsTotalArrears" time="6.822" classname="Admin.AdminHomeTestCase"/>
  <testcase name="businessMoneyTotal" time="6.628" classname="Admin.AdminHomeTestCase"/>
  <testcase name="playerNumber" time="6.669" classname="Admin.AdminHomeTestCase"/>
  <testcase name="systemWinOrLose" time="6.69" classname="Admin.AdminHomeTestCase"/>
  <testcase name="todayCommission" time="6.638" classname="Admin.AdminHomeTestCase">
    <failure type="java.lang.AssertionError" message="expected [true] but found [false]">
      <![CDATA[java.lang.AssertionError: expected [true] but found [false]
	at Admin.AdminHomeTestCase.todayCommission(AdminHomeTestCase.java:258)
... Removed 31 stack frames]]>
    </failure>
  </testcase> <!-- todayCommission -->
  <testcase name="totalCommission" time="6.711" classname="Admin.AdminHomeTestCase"/>
  <testcase name="rechargeMoneyToday" time="6.706" classname="Admin.AdminHomeTestCase"/>
  <testcase name="withdrawMoneyToday" time="6.663" classname="Admin.AdminHomeTestCase"/>
  <testcase name="BusinessPlayerTotal" time="8.629" classname="Admin.BusinessDetailCashTestCase"/>
  <testcase name="businessTaxTotal" time="9.255" classname="Admin.BusinessDetailCashTestCase">
    <failure type="java.lang.AssertionError" message="expected [true] but found [false]">
      <![CDATA[java.lang.AssertionError: expected [true] but found [false]
	at Admin.BusinessDetailCashTestCase.businessTaxTotal(BusinessDetailCashTestCase.java:109)
... Removed 31 stack frames]]>
    </failure>
  </testcase> <!-- businessTaxTotal -->
  <testcase name="businessCommissionTotal" time="9.028" classname="Admin.BusinessDetailCashTestCase">
    <failure type="java.lang.AssertionError" message="expected [true] but found [false]">
      <![CDATA[java.lang.AssertionError: expected [true] but found [false]
	at Admin.BusinessDetailCashTestCase.businessCommissionTotal(BusinessDetailCashTestCase.java:148)
... Removed 31 stack frames]]>
    </failure>
  </testcase> <!-- businessCommissionTotal -->
  <testcase name="waitWithdrawCommission" time="11.281" classname="Admin.BusinessDetailCashTestCase"/>
  <testcase name="creditExplorerServiceHistoryTotal" time="17.181" classname="Admin.BusinessDetailCreditTestCase"/>
  <testcase name="creditExplorerAccountBalance" time="17.053" classname="Admin.BusinessDetailCreditTestCase"/>
  <testcase name="creditBusinessServiceHistoryTotal" time="15.431" classname="Admin.BusinessDetailCreditTestCase">
    <failure type="org.openqa.selenium.WebDriverException" message="unknown error: Element &amp;lt;span&amp;gt;...&amp;lt;/span&amp;gt; is not clickable at point (1184, 226). Other element would receive the click: &amp;lt;div class=&amp;quot;el-form-item__content&amp;quot;&amp;gt;...&amp;lt;/div&amp;gt;
  (Session info: chrome=73.0.3683.86)
  (Driver info: chromedriver=2.45.615291 (ec3682e3c9061c10f26ea9e5cdcf3c53f3f74387),platform=Windows NT 10.0.17134 x86_64) (WARNING: The server did not provide any stacktrace information)
Command duration or timeout: 41 milliseconds
Build info: version: &amp;apos;3.0.0&amp;apos;, revision: &amp;apos;350cf60&amp;apos;, time: &amp;apos;2016-10-13 10:48:57 -0700&amp;apos;
System info: host: &amp;apos;DESKTOP-NDF1E9V&amp;apos;, ip: &amp;apos;192.168.1.252&amp;apos;, os.name: &amp;apos;Windows 10&amp;apos;, os.arch: &amp;apos;amd64&amp;apos;, os.version: &amp;apos;10.0&amp;apos;, java.version: &amp;apos;1.8.0_191&amp;apos;
Driver info: org.openqa.selenium.chrome.ChromeDriver
Capabilities [{mobileEmulationEnabled=false, timeouts={implicit=0, pageLoad=300000, script=30000}, hasTouchScreen=false, platform=XP, acceptSslCerts=false, goog:chromeOptions={debuggerAddress=localhost:46675}, acceptInsecureCerts=false, webStorageEnabled=true, browserName=chrome, takesScreenshot=true, javascriptEnabled=true, setWindowRect=true, unexpectedAlertBehaviour=ignore, applicationCacheEnabled=false, rotatable=false, networkConnectionEnabled=false, chrome={chromedriverVersion=2.45.615291 (ec3682e3c9061c10f26ea9e5cdcf3c53f3f74387), userDataDir=C:\Users\jtc\AppData\Local\Temp\scoped_dir38052_8506}, takesHeapSnapshot=true, pageLoadStrategy=normal, strictFileInteractability=false, databaseEnabled=false, handlesAlerts=true, version=73.0.3683.86, browserConnectionEnabled=false, proxy={}, nativeEvents=true, locationContextEnabled=true, cssSelectorsEnabled=true}]
Session ID: 7f631c8def6fb00df1feda133cda8413">
      <![CDATA[org.openqa.selenium.WebDriverException: unknown error: Element <span>...</span> is not clickable at point (1184, 226). Other element would receive the click: <div class="el-form-item__content">...</div>
  (Session info: chrome=73.0.3683.86)
  (Driver info: chromedriver=2.45.615291 (ec3682e3c9061c10f26ea9e5cdcf3c53f3f74387),platform=Windows NT 10.0.17134 x86_64) (WARNING: The server did not provide any stacktrace information)
Command duration or timeout: 41 milliseconds
Build info: version: '3.0.0', revision: '350cf60', time: '2016-10-13 10:48:57 -0700'
System info: host: 'DESKTOP-NDF1E9V', ip: '192.168.1.252', os.name: 'Windows 10', os.arch: 'amd64', os.version: '10.0', java.version: '1.8.0_191'
Driver info: org.openqa.selenium.chrome.ChromeDriver
Capabilities [{mobileEmulationEnabled=false, timeouts={implicit=0, pageLoad=300000, script=30000}, hasTouchScreen=false, platform=XP, acceptSslCerts=false, goog:chromeOptions={debuggerAddress=localhost:46675}, acceptInsecureCerts=false, webStorageEnabled=true, browserName=chrome, takesScreenshot=true, javascriptEnabled=true, setWindowRect=true, unexpectedAlertBehaviour=ignore, applicationCacheEnabled=false, rotatable=false, networkConnectionEnabled=false, chrome={chromedriverVersion=2.45.615291 (ec3682e3c9061c10f26ea9e5cdcf3c53f3f74387), userDataDir=C:\Users\jtc\AppData\Local\Temp\scoped_dir38052_8506}, takesHeapSnapshot=true, pageLoadStrategy=normal, strictFileInteractability=false, databaseEnabled=false, handlesAlerts=true, version=73.0.3683.86, browserConnectionEnabled=false, proxy={}, nativeEvents=true, locationContextEnabled=true, cssSelectorsEnabled=true}]
Session ID: 7f631c8def6fb00df1feda133cda8413
	at org.openqa.selenium.remote.ErrorHandler.createThrowable(ErrorHandler.java:216)
	at org.openqa.selenium.remote.ErrorHandler.throwIfResponseFailed(ErrorHandler.java:168)
	at org.openqa.selenium.remote.RemoteWebDriver.execute(RemoteWebDriver.java:635)
	at org.openqa.selenium.remote.RemoteWebElement.execute(RemoteWebElement.java:274)
	at org.openqa.selenium.remote.RemoteWebElement.click(RemoteWebElement.java:84)
	at SeleniumMethod.WebDriverUtil.findElementByXpathAndClick(WebDriverUtil.java:267)
	at Admin.BusinessDetailCreditTestCase.creditBusinessServiceHistoryTotal(BusinessDetailCreditTestCase.java:164)
... Removed 31 stack frames]]>
    </failure>
  </testcase> <!-- creditBusinessServiceHistoryTotal -->
  <testcase name="creditBusinessServiceAccountBalance" time="19.491" classname="Admin.BusinessDetailCreditTestCase"/>
  <testcase name="creditAgentServiceHistoryTotal" time="19.591" classname="Admin.BusinessDetailCreditTestCase"/>
  <testcase name="creditAgentServiceAccountBalance" time="19.367" classname="Admin.BusinessDetailCreditTestCase"/>
  <testcase name="loginNumber" time="5.596" classname="Admin.ModeComplexStatisticsCashTestCase"/>
  <testcase name="registeredNumber" time="5.986" classname="Admin.ModeComplexStatisticsCashTestCase"/>
  <testcase name="rechargeTotalToday" time="6.985" classname="Admin.ModeComplexStatisticsCashTestCase"/>
  <testcase name="rechargeNumberTotal" time="7.016" classname="Admin.ModeComplexStatisticsCashTestCase"/>
  <testcase name="rechargeNumberAverage" time="3.419" classname="Admin.ModeComplexStatisticsCashTestCase">
    <failure type="java.lang.ArithmeticException" message="Division undefined">
      <![CDATA[java.lang.ArithmeticException: Division undefined
	at java.math.BigDecimal.divide(BigDecimal.java:1664)
	at Admin.ModeComplexStatisticsCashTestCase.rechargeNumberAverage(ModeComplexStatisticsCashTestCase.java:233)
... Removed 27 stack frames]]>
    </failure>
  </testcase> <!-- rechargeNumberAverage -->
  <testcase name="registeredNumber" time="5.704" classname="Admin.ModeComplexStatisticsCreditTestCase"/>
  <testcase name="loginNumber" time="5.839" classname="Admin.ModeComplexStatisticsCreditTestCase"/>
  <testcase name="Bet" time="5.602" classname="Admin.ModeComplexStatisticsCreditTestCase"/>
  <testcase name="serviceMoney" time="15.759" classname="Admin.ModeComplexStatisticsCreditTestCase">
    <failure type="org.openqa.selenium.NoSuchElementException" message="no such element: Unable to locate element: {&amp;quot;method&amp;quot;:&amp;quot;xpath&amp;quot;,&amp;quot;selector&amp;quot;:&amp;quot;//*[@id=&amp;quot;root&amp;quot;]/section/section/main/div[2]/div[2]/div[2]/div[1]/div/div[2]/div[1]/div/div[1]/div[3]/span[2]&amp;quot;}
  (Session info: chrome=73.0.3683.86)
  (Driver info: chromedriver=2.45.615291 (ec3682e3c9061c10f26ea9e5cdcf3c53f3f74387),platform=Windows NT 10.0.17134 x86_64) (WARNING: The server did not provide any stacktrace information)
Command duration or timeout: 10.02 seconds
For documentation on this error, please visit: http://seleniumhq.org/exceptions/no_such_element.html
Build info: version: &amp;apos;3.0.0&amp;apos;, revision: &amp;apos;350cf60&amp;apos;, time: &amp;apos;2016-10-13 10:48:57 -0700&amp;apos;
System info: host: &amp;apos;DESKTOP-NDF1E9V&amp;apos;, ip: &amp;apos;192.168.1.252&amp;apos;, os.name: &amp;apos;Windows 10&amp;apos;, os.arch: &amp;apos;amd64&amp;apos;, os.version: &amp;apos;10.0&amp;apos;, java.version: &amp;apos;1.8.0_191&amp;apos;
Driver info: org.openqa.selenium.chrome.ChromeDriver
Capabilities [{mobileEmulationEnabled=false, timeouts={implicit=0, pageLoad=300000, script=30000}, hasTouchScreen=false, platform=XP, acceptSslCerts=false, goog:chromeOptions={debuggerAddress=localhost:46675}, acceptInsecureCerts=false, webStorageEnabled=true, browserName=chrome, takesScreenshot=true, javascriptEnabled=true, setWindowRect=true, unexpectedAlertBehaviour=ignore, applicationCacheEnabled=false, rotatable=false, networkConnectionEnabled=false, chrome={chromedriverVersion=2.45.615291 (ec3682e3c9061c10f26ea9e5cdcf3c53f3f74387), userDataDir=C:\Users\jtc\AppData\Local\Temp\scoped_dir38052_8506}, takesHeapSnapshot=true, pageLoadStrategy=normal, strictFileInteractability=false, databaseEnabled=false, handlesAlerts=true, version=73.0.3683.86, browserConnectionEnabled=false, proxy={}, nativeEvents=true, locationContextEnabled=true, cssSelectorsEnabled=true}]
Session ID: 7f631c8def6fb00df1feda133cda8413
*** Element info: {Using=xpath, value=//*[@id=&amp;quot;root&amp;quot;]/section/section/main/div[2]/div[2]/div[2]/div[1]/div/div[2]/div[1]/div/div[1]/div[3]/span[2]}">
      <![CDATA[org.openqa.selenium.NoSuchElementException: no such element: Unable to locate element: {"method":"xpath","selector":"//*[@id="root"]/section/section/main/div[2]/div[2]/div[2]/div[1]/div/div[2]/div[1]/div/div[1]/div[3]/span[2]"}
  (Session info: chrome=73.0.3683.86)
  (Driver info: chromedriver=2.45.615291 (ec3682e3c9061c10f26ea9e5cdcf3c53f3f74387),platform=Windows NT 10.0.17134 x86_64) (WARNING: The server did not provide any stacktrace information)
Command duration or timeout: 10.02 seconds
For documentation on this error, please visit: http://seleniumhq.org/exceptions/no_such_element.html
Build info: version: '3.0.0', revision: '350cf60', time: '2016-10-13 10:48:57 -0700'
System info: host: 'DESKTOP-NDF1E9V', ip: '192.168.1.252', os.name: 'Windows 10', os.arch: 'amd64', os.version: '10.0', java.version: '1.8.0_191'
Driver info: org.openqa.selenium.chrome.ChromeDriver
Capabilities [{mobileEmulationEnabled=false, timeouts={implicit=0, pageLoad=300000, script=30000}, hasTouchScreen=false, platform=XP, acceptSslCerts=false, goog:chromeOptions={debuggerAddress=localhost:46675}, acceptInsecureCerts=false, webStorageEnabled=true, browserName=chrome, takesScreenshot=true, javascriptEnabled=true, setWindowRect=true, unexpectedAlertBehaviour=ignore, applicationCacheEnabled=false, rotatable=false, networkConnectionEnabled=false, chrome={chromedriverVersion=2.45.615291 (ec3682e3c9061c10f26ea9e5cdcf3c53f3f74387), userDataDir=C:\Users\jtc\AppData\Local\Temp\scoped_dir38052_8506}, takesHeapSnapshot=true, pageLoadStrategy=normal, strictFileInteractability=false, databaseEnabled=false, handlesAlerts=true, version=73.0.3683.86, browserConnectionEnabled=false, proxy={}, nativeEvents=true, locationContextEnabled=true, cssSelectorsEnabled=true}]
Session ID: 7f631c8def6fb00df1feda133cda8413
*** Element info: {Using=xpath, value=//*[@id="root"]/section/section/main/div[2]/div[2]/div[2]/div[1]/div/div[2]/div[1]/div/div[1]/div[3]/span[2]}
	at org.openqa.selenium.remote.ErrorHandler.createThrowable(ErrorHandler.java:216)
	at org.openqa.selenium.remote.ErrorHandler.throwIfResponseFailed(ErrorHandler.java:168)
	at org.openqa.selenium.remote.RemoteWebDriver.execute(RemoteWebDriver.java:635)
	at org.openqa.selenium.remote.RemoteWebDriver.findElement(RemoteWebDriver.java:368)
	at org.openqa.selenium.remote.RemoteWebDriver.findElementByXPath(RemoteWebDriver.java:473)
	at org.openqa.selenium.By$ByXPath.findElement(By.java:361)
	at org.openqa.selenium.remote.RemoteWebDriver.findElement(RemoteWebDriver.java:360)
	at SeleniumMethod.WebDriverUtil.findElementByXpath(WebDriverUtil.java:154)
	at SeleniumMethod.WebDriverUtil.getTextByXpath(WebDriverUtil.java:411)
	at Admin.ModeComplexStatisticsCreditTestCase.serviceMoney(ModeComplexStatisticsCreditTestCase.java:176)
... Removed 31 stack frames]]>
    </failure>
  </testcase> <!-- serviceMoney -->
</testsuite> <!-- Admin -->
