<?xml version="1.0" encoding="UTF-8"?>
<!-- Generated by org.testng.reporters.JUnitXMLReporter -->
<testsuite hostname="DESKTOP-NDF1E9V" name="平台管理员" tests="28" failures="4" timestamp="18 Apr 2019 08:30:04 GMT" time="278.53" errors="0">
  <testcase name="serviceIncomeToday" time="3.397" classname="Admin.AdminHomeTestCase"/>
  <testcase name="sinceBusinessOperationsTotalArrears" time="6.652" classname="Admin.AdminHomeTestCase"/>
  <testcase name="businessMoneyTotal" time="6.63" classname="Admin.AdminHomeTestCase"/>
  <testcase name="playerNumber" time="6.656" classname="Admin.AdminHomeTestCase"/>
  <testcase name="systemWinOrLose" time="6.693" classname="Admin.AdminHomeTestCase"/>
  <testcase name="todayCommission" time="6.621" classname="Admin.AdminHomeTestCase">
    <failure type="java.lang.AssertionError" message="expected [true] but found [false]">
      <![CDATA[java.lang.AssertionError: expected [true] but found [false]
	at Admin.AdminHomeTestCase.todayCommission(AdminHomeTestCase.java:259)
... Removed 31 stack frames]]>
    </failure>
  </testcase> <!-- todayCommission -->
  <testcase name="totalCommission" time="6.68" classname="Admin.AdminHomeTestCase"/>
  <testcase name="rechargeMoneyToday" time="6.74" classname="Admin.AdminHomeTestCase"/>
  <testcase name="withdrawMoneyToday" time="6.707" classname="Admin.AdminHomeTestCase"/>
  <testcase name="BusinessPlayerTotal" time="8.523" classname="Admin.BusinessDetailCashTestCase"/>
  <testcase name="businessTaxTotal" time="9.14" classname="Admin.BusinessDetailCashTestCase"/>
  <testcase name="businessCommissionTotal" time="8.956" classname="Admin.BusinessDetailCashTestCase"/>
  <testcase name="waitWithdrawCommission" time="11.288" classname="Admin.BusinessDetailCashTestCase">
    <failure type="java.lang.AssertionError" message="expected [true] but found [false]">
      <![CDATA[java.lang.AssertionError: expected [true] but found [false]
	at Admin.BusinessDetailCashTestCase.waitWithdrawCommission(BusinessDetailCashTestCase.java:234)
... Removed 31 stack frames]]>
    </failure>
  </testcase> <!-- waitWithdrawCommission -->
  <testcase name="creditExplorerServiceHistoryTotal" time="17.298" classname="Admin.BusinessDetailCreditTestCase"/>
  <testcase name="creditExplorerAccountBalance" time="17.228" classname="Admin.BusinessDetailCreditTestCase"/>
  <testcase name="creditBusinessServiceHistoryTotal" time="19.44" classname="Admin.BusinessDetailCreditTestCase"/>
  <testcase name="creditBusinessServiceAccountBalance" time="19.275" classname="Admin.BusinessDetailCreditTestCase"/>
  <testcase name="creditAgentServiceHistoryTotal" time="19.294" classname="Admin.BusinessDetailCreditTestCase"/>
  <testcase name="creditAgentServiceAccountBalance" time="19.186" classname="Admin.BusinessDetailCreditTestCase"/>
  <testcase name="loginNumber" time="5.579" classname="Admin.ModeComplexStatisticsCashTestCase"/>
  <testcase name="registeredNumber" time="5.94" classname="Admin.ModeComplexStatisticsCashTestCase"/>
  <testcase name="rechargeTotalToday" time="7.069" classname="Admin.ModeComplexStatisticsCashTestCase"/>
  <testcase name="rechargeNumberTotal" time="6.938" classname="Admin.ModeComplexStatisticsCashTestCase"/>
  <testcase name="rechargeNumberAverage" time="3.421" classname="Admin.ModeComplexStatisticsCashTestCase">
    <failure type="java.lang.ArithmeticException" message="Division undefined">
      <![CDATA[java.lang.ArithmeticException: Division undefined
	at java.math.BigDecimal.divide(BigDecimal.java:1664)
	at Admin.ModeComplexStatisticsCashTestCase.rechargeNumberAverage(ModeComplexStatisticsCashTestCase.java:238)
... Removed 27 stack frames]]>
    </failure>
  </testcase> <!-- rechargeNumberAverage -->
  <testcase name="registeredNumber" time="5.749" classname="Admin.ModeComplexStatisticsCreditTestCase"/>
  <testcase name="loginNumber" time="5.755" classname="Admin.ModeComplexStatisticsCreditTestCase"/>
  <testcase name="Bet" time="5.609" classname="Admin.ModeComplexStatisticsCreditTestCase"/>
  <testcase name="serviceMoney" time="15.851" classname="Admin.ModeComplexStatisticsCreditTestCase">
    <failure type="org.openqa.selenium.NoSuchElementException" message="no such element: Unable to locate element: {&amp;quot;method&amp;quot;:&amp;quot;xpath&amp;quot;,&amp;quot;selector&amp;quot;:&amp;quot;//*[@id=&amp;quot;root&amp;quot;]/section/section/main/div[2]/div[2]/div[2]/div[1]/div/div[2]/div[1]/div/div[1]/div[3]/span[2]&amp;quot;}
  (Session info: chrome=73.0.3683.103)
  (Driver info: chromedriver=2.45.615291 (ec3682e3c9061c10f26ea9e5cdcf3c53f3f74387),platform=Windows NT 10.0.17134 x86_64) (WARNING: The server did not provide any stacktrace information)
Command duration or timeout: 10.01 seconds
For documentation on this error, please visit: http://seleniumhq.org/exceptions/no_such_element.html
Build info: version: &amp;apos;3.0.0&amp;apos;, revision: &amp;apos;350cf60&amp;apos;, time: &amp;apos;2016-10-13 10:48:57 -0700&amp;apos;
System info: host: &amp;apos;DESKTOP-NDF1E9V&amp;apos;, ip: &amp;apos;192.168.1.252&amp;apos;, os.name: &amp;apos;Windows 10&amp;apos;, os.arch: &amp;apos;amd64&amp;apos;, os.version: &amp;apos;10.0&amp;apos;, java.version: &amp;apos;1.8.0_191&amp;apos;
Driver info: org.openqa.selenium.chrome.ChromeDriver
Capabilities [{mobileEmulationEnabled=false, timeouts={implicit=0, pageLoad=300000, script=30000}, hasTouchScreen=false, platform=XP, acceptSslCerts=false, goog:chromeOptions={debuggerAddress=localhost:60641}, acceptInsecureCerts=false, webStorageEnabled=true, browserName=chrome, takesScreenshot=true, javascriptEnabled=true, setWindowRect=true, unexpectedAlertBehaviour=ignore, applicationCacheEnabled=false, rotatable=false, networkConnectionEnabled=false, chrome={chromedriverVersion=2.45.615291 (ec3682e3c9061c10f26ea9e5cdcf3c53f3f74387), userDataDir=C:\Users\jtc\AppData\Local\Temp\scoped_dir9692_12476}, takesHeapSnapshot=true, pageLoadStrategy=normal, strictFileInteractability=false, databaseEnabled=false, handlesAlerts=true, version=73.0.3683.103, browserConnectionEnabled=false, proxy={}, nativeEvents=true, locationContextEnabled=true, cssSelectorsEnabled=true}]
Session ID: fe6453d337474846e9133a7fd4a5587c
*** Element info: {Using=xpath, value=//*[@id=&amp;quot;root&amp;quot;]/section/section/main/div[2]/div[2]/div[2]/div[1]/div/div[2]/div[1]/div/div[1]/div[3]/span[2]}">
      <![CDATA[org.openqa.selenium.NoSuchElementException: no such element: Unable to locate element: {"method":"xpath","selector":"//*[@id="root"]/section/section/main/div[2]/div[2]/div[2]/div[1]/div/div[2]/div[1]/div/div[1]/div[3]/span[2]"}
  (Session info: chrome=73.0.3683.103)
  (Driver info: chromedriver=2.45.615291 (ec3682e3c9061c10f26ea9e5cdcf3c53f3f74387),platform=Windows NT 10.0.17134 x86_64) (WARNING: The server did not provide any stacktrace information)
Command duration or timeout: 10.01 seconds
For documentation on this error, please visit: http://seleniumhq.org/exceptions/no_such_element.html
Build info: version: '3.0.0', revision: '350cf60', time: '2016-10-13 10:48:57 -0700'
System info: host: 'DESKTOP-NDF1E9V', ip: '192.168.1.252', os.name: 'Windows 10', os.arch: 'amd64', os.version: '10.0', java.version: '1.8.0_191'
Driver info: org.openqa.selenium.chrome.ChromeDriver
Capabilities [{mobileEmulationEnabled=false, timeouts={implicit=0, pageLoad=300000, script=30000}, hasTouchScreen=false, platform=XP, acceptSslCerts=false, goog:chromeOptions={debuggerAddress=localhost:60641}, acceptInsecureCerts=false, webStorageEnabled=true, browserName=chrome, takesScreenshot=true, javascriptEnabled=true, setWindowRect=true, unexpectedAlertBehaviour=ignore, applicationCacheEnabled=false, rotatable=false, networkConnectionEnabled=false, chrome={chromedriverVersion=2.45.615291 (ec3682e3c9061c10f26ea9e5cdcf3c53f3f74387), userDataDir=C:\Users\jtc\AppData\Local\Temp\scoped_dir9692_12476}, takesHeapSnapshot=true, pageLoadStrategy=normal, strictFileInteractability=false, databaseEnabled=false, handlesAlerts=true, version=73.0.3683.103, browserConnectionEnabled=false, proxy={}, nativeEvents=true, locationContextEnabled=true, cssSelectorsEnabled=true}]
Session ID: fe6453d337474846e9133a7fd4a5587c
*** Element info: {Using=xpath, value=//*[@id="root"]/section/section/main/div[2]/div[2]/div[2]/div[1]/div/div[2]/div[1]/div/div[1]/div[3]/span[2]}
	at org.openqa.selenium.remote.ErrorHandler.createThrowable(ErrorHandler.java:216)
	at org.openqa.selenium.remote.ErrorHandler.throwIfResponseFailed(ErrorHandler.java:168)
	at org.openqa.selenium.remote.RemoteWebDriver.execute(RemoteWebDriver.java:635)
	at org.openqa.selenium.remote.RemoteWebDriver.findElement(RemoteWebDriver.java:368)
	at org.openqa.selenium.remote.RemoteWebDriver.findElementByXPath(RemoteWebDriver.java:473)
	at org.openqa.selenium.By$ByXPath.findElement(By.java:361)
	at org.openqa.selenium.remote.RemoteWebDriver.findElement(RemoteWebDriver.java:360)
	at SeleniumMethod.WebDriverUtil.findElementByXpath(WebDriverUtil.java:154)
	at SeleniumMethod.WebDriverUtil.getTextByXpath(WebDriverUtil.java:411)
	at Admin.ModeComplexStatisticsCreditTestCase.serviceMoney(ModeComplexStatisticsCreditTestCase.java:182)
... Removed 31 stack frames]]>
    </failure>
  </testcase> <!-- serviceMoney -->
</testsuite> <!-- 平台管理员 -->
