<html>
<head>
<title>TestNG:  现金代理</title>
<link href="../testng.css" rel="stylesheet" type="text/css" />
<link href="../my-testng.css" rel="stylesheet" type="text/css" />

<style type="text/css">
.log { display: none;} 
.stack-trace { display: none;} 
</style>
<script type="text/javascript">
<!--
function flip(e) {
  current = e.style.display;
  if (current == 'block') {
    e.style.display = 'none';
    return 0;
  }
  else {
    e.style.display = 'block';
    return 1;
  }
}

function toggleBox(szDivId, elem, msg1, msg2)
{
  var res = -1;  if (document.getElementById) {
    res = flip(document.getElementById(szDivId));
  }
  else if (document.all) {
    // this is the way old msie versions work
    res = flip(document.all[szDivId]);
  }
  if(elem) {
    if(res == 0) elem.innerHTML = msg1; else elem.innerHTML = msg2;
  }

}

function toggleAllBoxes() {
  if (document.getElementsByTagName) {
    d = document.getElementsByTagName('div');
    for (i = 0; i < d.length; i++) {
      if (d[i].className == 'log') {
        flip(d[i]);
      }
    }
  }
}

// -->
</script>

</head>
<body>
<h2 align='center'>现金代理</h2><table border='1' align="center">
<tr>
<td>Tests passed/Failed/Skipped:</td><td>11/1/0</td>
</tr><tr>
<td>Started on:</td><td>Tue Apr 30 14:43:03 ICT 2019</td>
</tr>
<tr><td>Total time:</td><td>57 seconds (57541 ms)</td>
</tr><tr>
<td>Included groups:</td><td></td>
</tr><tr>
<td>Excluded groups:</td><td></td>
</tr>
</table><p/>
<small><i>(Hover the method name to see the test class name)</i></small><p/>
<table width='100%' border='1' class='invocation-failed'>
<tr><td colspan='4' align='center'><b>FAILED TESTS</b></td></tr>
<tr><td><b>Test method</b></td>
<td width="30%"><b>Exception</b></td>
<td width="10%"><b>Time (seconds)</b></td>
<td><b>Instance</b></td>
</tr>
<tr>
<td title='CashAgent.MyCommissionAccountChangeTestCase.myCommissionAccountChange()'><b>myCommissionAccountChange</b><br>Test class: CashAgent.MyCommissionAccountChangeTestCase</td>
<td><div><pre>java.lang.AssertionError: expected [true] but found [false]
	at CashAgent.MyCommissionAccountChangeTestCase.myCommissionAccountChange(MyCommissionAccountChangeTestCase.java:69)
... Removed 31 stack frames</pre></div><a href='#' onClick='toggleBox("stack-trace1567117654", this, "Click to show all stack frames", "Click to hide stack frames")'>Click to show all stack frames</a>
<div class='stack-trace' id='stack-trace1567117654'><pre>java.lang.AssertionError: expected [true] but found [false]
	at org.testng.Assert.fail(Assert.java:94)
	at org.testng.Assert.failNotEquals(Assert.java:496)
	at org.testng.Assert.assertTrue(Assert.java:42)
	at org.testng.Assert.assertTrue(Assert.java:52)
	at CashAgent.MyCommissionAccountChangeTestCase.myCommissionAccountChange(MyCommissionAccountChangeTestCase.java:69)
	at sun.reflect.NativeMethodAccessorImpl.invoke0(Native Method)
	at sun.reflect.NativeMethodAccessorImpl.invoke(NativeMethodAccessorImpl.java:62)
	at sun.reflect.DelegatingMethodAccessorImpl.invoke(DelegatingMethodAccessorImpl.java:43)
	at java.lang.reflect.Method.invoke(Method.java:498)
	at org.testng.internal.MethodInvocationHelper.invokeMethod(MethodInvocationHelper.java:85)
	at org.testng.internal.Invoker.invokeMethod(Invoker.java:639)
	at org.testng.internal.Invoker.invokeTestMethod(Invoker.java:816)
	at org.testng.internal.Invoker.invokeTestMethods(Invoker.java:1124)
	at org.testng.internal.TestMethodWorker.invokeTestMethods(TestMethodWorker.java:125)
	at org.testng.internal.TestMethodWorker.run(TestMethodWorker.java:108)
	at org.testng.TestRunner.privateRun(TestRunner.java:774)
	at org.testng.TestRunner.run(TestRunner.java:624)
	at org.testng.SuiteRunner.runTest(SuiteRunner.java:359)
	at org.testng.SuiteRunner.runSequentially(SuiteRunner.java:354)
	at org.testng.SuiteRunner.privateRun(SuiteRunner.java:312)
	at org.testng.SuiteRunner.run(SuiteRunner.java:261)
	at org.testng.SuiteRunnerWorker.runSuite(SuiteRunnerWorker.java:52)
	at org.testng.SuiteRunnerWorker.run(SuiteRunnerWorker.java:86)
	at org.testng.TestNG.runSuitesSequentially(TestNG.java:1191)
	at org.testng.TestNG.runSuitesLocally(TestNG.java:1116)
	at org.testng.TestNG.run(TestNG.java:1024)
	at org.apache.maven.surefire.testng.TestNGExecutor.run(TestNGExecutor.java:283)
	at org.apache.maven.surefire.testng.TestNGXmlTestSuite.execute(TestNGXmlTestSuite.java:75)
	at org.apache.maven.surefire.testng.TestNGProvider.invoke(TestNGProvider.java:120)
	at org.apache.maven.surefire.booter.ForkedBooter.invokeProviderInSameClassLoader(ForkedBooter.java:386)
	at org.apache.maven.surefire.booter.ForkedBooter.runSuitesInProcess(ForkedBooter.java:323)
	at org.apache.maven.surefire.booter.ForkedBooter.main(ForkedBooter.java:143)
</pre></div></td>
<td>2</td>
<td>CashAgent.MyCommissionAccountChangeTestCase@43b4ec0c</td></tr>
</table><p>
<table width='100%' border='1' class='invocation-passed'>
<tr><td colspan='4' align='center'><b>PASSED TESTS</b></td></tr>
<tr><td><b>Test method</b></td>
<td width="30%"><b>Exception</b></td>
<td width="10%"><b>Time (seconds)</b></td>
<td><b>Instance</b></td>
</tr>
<tr>
<td title='CashAgent.PlayerAccountAdminTestCase.additionalUpPoints()'><b>additionalUpPoints</b><br>Test class: CashAgent.PlayerAccountAdminTestCase</td>
<td></td>
<td>2</td>
<td>CashAgent.PlayerAccountAdminTestCase@148b6f95</td></tr>
<tr>
<td title='CashAgent.ChangeRecordCreditTestCase.cashAgentCredit()'><b>cashAgentCredit</b><br>Test class: CashAgent.ChangeRecordCreditTestCase</td>
<td></td>
<td>2</td>
<td>CashAgent.ChangeRecordCreditTestCase@2c15034f</td></tr>
<tr>
<td title='CashAgent.MyCommissionAccountChangeTestCase.changeMoney()'><b>changeMoney</b><br>Test class: CashAgent.MyCommissionAccountChangeTestCase</td>
<td></td>
<td>0</td>
<td>CashAgent.MyCommissionAccountChangeTestCase@43b4ec0c</td></tr>
<tr>
<td title='CashAgent.AgentHomeCashTestCase.incomeToday()'><b>incomeToday</b><br>Test class: CashAgent.AgentHomeCashTestCase</td>
<td></td>
<td>2</td>
<td>CashAgent.AgentHomeCashTestCase@49a06087</td></tr>
<tr>
<td title='CashAgent.AgentHomeCashTestCase.incomeTotalMonth()'><b>incomeTotalMonth</b><br>Test class: CashAgent.AgentHomeCashTestCase</td>
<td></td>
<td>8</td>
<td>CashAgent.AgentHomeCashTestCase@49a06087</td></tr>
<tr>
<td title='CashAgent.AgentHomeCashTestCase.playerNumberTotal()'><b>playerNumberTotal</b><br>Test class: CashAgent.AgentHomeCashTestCase</td>
<td></td>
<td>8</td>
<td>CashAgent.AgentHomeCashTestCase@49a06087</td></tr>
<tr>
<td title='CashAgent.ChangeRecordCreditTestCase.rechargeAgentAdminCredit()'><b>rechargeAgentAdminCredit</b><br>Test class: CashAgent.ChangeRecordCreditTestCase</td>
<td></td>
<td>2</td>
<td>CashAgent.ChangeRecordCreditTestCase@2c15034f</td></tr>
<tr>
<td title='CashAgent.ChangeRecordCreditTestCase.rechargeAgentCredit()'><b>rechargeAgentCredit</b><br>Test class: CashAgent.ChangeRecordCreditTestCase</td>
<td></td>
<td>2</td>
<td>CashAgent.ChangeRecordCreditTestCase@2c15034f</td></tr>
<tr>
<td title='CashAgent.PlayerAccountAdminTestCase.rechargeTotal()'><b>rechargeTotal</b><br>Test class: CashAgent.PlayerAccountAdminTestCase</td>
<td></td>
<td>7</td>
<td>CashAgent.PlayerAccountAdminTestCase@148b6f95</td></tr>
<tr>
<td title='CashAgent.AgentHomeCashTestCase.waitSettlementCommission()'><b>waitSettlementCommission</b><br>Test class: CashAgent.AgentHomeCashTestCase</td>
<td></td>
<td>5</td>
<td>CashAgent.AgentHomeCashTestCase@49a06087</td></tr>
<tr>
<td title='CashAgent.PlayerAccountAdminTestCase.withdrawTotal()'><b>withdrawTotal</b><br>Test class: CashAgent.PlayerAccountAdminTestCase</td>
<td></td>
<td>2</td>
<td>CashAgent.PlayerAccountAdminTestCase@148b6f95</td></tr>
</table><p>
</body>
</html>