<?xml version="1.0" encoding="UTF-8"?>
<!-- Generated by org.testng.reporters.JUnitReportReporter -->
<testsuite hostname="DESKTOP-NDF1E9V" name="Admin.ModeComplexStatisticsCashTestCase" tests="5" failures="0" timestamp="18 Apr 2019 08:32:51 GMT" time="28.947" errors="1">
  <testcase name="rechargeTotalToday" time="7.069" classname="Admin.ModeComplexStatisticsCashTestCase"/>
  <testcase name="registeredNumber" time="5.940" classname="Admin.ModeComplexStatisticsCashTestCase"/>
  <testcase name="loginNumber" time="5.579" classname="Admin.ModeComplexStatisticsCashTestCase"/>
  <testcase name="rechargeNumberAverage" time="3.421" classname="Admin.ModeComplexStatisticsCashTestCase">
    <error type="java.lang.ArithmeticException" message="Division undefined">
      <![CDATA[java.lang.ArithmeticException: Division undefined
	at java.math.BigDecimal.divide(BigDecimal.java:1664)
	at Admin.ModeComplexStatisticsCashTestCase.rechargeNumberAverage(ModeComplexStatisticsCashTestCase.java:238)
	at sun.reflect.NativeMethodAccessorImpl.invoke0(Native Method)
	at sun.reflect.NativeMethodAccessorImpl.invoke(NativeMethodAccessorImpl.java:62)
	at sun.reflect.DelegatingMethodAccessorImpl.invoke(DelegatingMethodAccessorImpl.java:43)
	at java.lang.reflect.Method.invoke(Method.java:498)
	at org.testng.internal.MethodInvocationHelper.invokeMethod(MethodInvocationHelper.java:85)
	at org.testng.internal.Invoker.invokeMethod(Invoker.java:639)
	at org.testng.internal.Invoker.invokeTestMethod(Invoker.java:816)
	at org.testng.internal.Invoker.invokeTestMethods(Invoker.java:1124)
	at org.testng.internal.TestMethodWorker.invokeTestMethods(TestMethodWorker.java:125)
	at org.testng.internal.TestMethodWorker.run(TestMethodWorker.java:108)
	at org.testng.TestRunner.privateRun(TestRunner.java:774)
	at org.testng.TestRunner.run(TestRunner.java:624)
	at org.testng.SuiteRunner.runTest(SuiteRunner.java:359)
	at org.testng.SuiteRunner.runSequentially(SuiteRunner.java:354)
	at org.testng.SuiteRunner.privateRun(SuiteRunner.java:312)
	at org.testng.SuiteRunner.run(SuiteRunner.java:261)
	at org.testng.SuiteRunnerWorker.runSuite(SuiteRunnerWorker.java:52)
	at org.testng.SuiteRunnerWorker.run(SuiteRunnerWorker.java:86)
	at org.testng.TestNG.runSuitesSequentially(TestNG.java:1191)
	at org.testng.TestNG.runSuitesLocally(TestNG.java:1116)
	at org.testng.TestNG.run(TestNG.java:1024)
	at org.apache.maven.surefire.testng.TestNGExecutor.run(TestNGExecutor.java:283)
	at org.apache.maven.surefire.testng.TestNGXmlTestSuite.execute(TestNGXmlTestSuite.java:75)
	at org.apache.maven.surefire.testng.TestNGProvider.invoke(TestNGProvider.java:120)
	at org.apache.maven.surefire.booter.ForkedBooter.invokeProviderInSameClassLoader(ForkedBooter.java:386)
	at org.apache.maven.surefire.booter.ForkedBooter.runSuitesInProcess(ForkedBooter.java:323)
	at org.apache.maven.surefire.booter.ForkedBooter.main(ForkedBooter.java:143)
]]>
    </error>
  </testcase> <!-- rechargeNumberAverage -->
  <testcase name="rechargeNumberTotal" time="6.938" classname="Admin.ModeComplexStatisticsCashTestCase"/>
</testsuite> <!-- Admin.ModeComplexStatisticsCashTestCase -->
